#
# There is insufficient memory for the Java Runtime Environment to continue.
# Native memory allocation (malloc) failed to allocate 32744 bytes for ChunkPool::allocate
# Possible reasons:
#   The system is out of physical RAM or swap space
#   The process is running with CompressedOops enabled, and the Java Heap may be blocking the growth of the native heap
# Possible solutions:
#   Reduce memory load on the system
#   Increase physical memory or swap space
#   Check if swap backing store is full
#   Decrease Java heap size (-Xmx/-Xms)
#   Decrease number of Java threads
#   Decrease Java thread stack sizes (-Xss)
#   Set larger code cache with -XX:ReservedCodeCacheSize=
#   JVM is running with Zero Based Compressed Oops mode in which the Java heap is
#     placed in the first 32GB address space. The Java Heap base address is the
#     maximum limit for the native heap growth. Please use -XX:HeapBaseMinAddress
#     to set the Java Heap base and to place the Java Heap above 32GB virtual address.
# This output file may be truncated or incomplete.
#
#  Out of Memory Error (allocation.cpp:272), pid=60840, tid=0x000000000000acbc
#
# JRE version: Java(TM) SE Runtime Environment (8.0_231-b11) (build 1.8.0_231-b11)
# Java VM: Java HotSpot(TM) 64-Bit Server VM (25.231-b11 mixed mode windows-amd64 compressed oops)
# Failed to write core dump. Minidumps are not enabled by default on client versions of Windows
#

---------------  T H R E A D  ---------------

Current thread (0x000000001ef18000):  JavaThread "C1 CompilerThread3" daemon [_thread_in_native, id=44220, stack(0x000000001f9f0000,0x000000001faf0000)]

Stack: [0x000000001f9f0000,0x000000001faf0000]
[error occurred during error reporting (printing stack bounds), id 0xc0000005]

Native frames: (J=compiled Java code, j=interpreted, Vv=VM code, C=native code)


Current CompileTask:
C1:   1267  706       1       java.net.URLStreamHandler::parseURL (1193 bytes)


---------------  P R O C E S S  ---------------

Java Threads: ( => current thread )
  0x0000000020e62800 JavaThread "JMX server connection timeout 18" daemon [_thread_blocked, id=223704, stack(0x0000000021df0000,0x0000000021ef0000)]
  0x000000001ff19800 JavaThread "RMI Scheduler(0)" daemon [_thread_blocked, id=301788, stack(0x0000000020b20000,0x0000000020c20000)]
  0x000000001fecf000 JavaThread "RMI TCP Connection(1)-172.16.98.48" daemon [_thread_in_Java, id=24436, stack(0x0000000020820000,0x0000000020920000)]
  0x000000001fd94000 JavaThread "RMI TCP Accept-0" daemon [_thread_in_native, id=131608, stack(0x0000000020410000,0x0000000020510000)]
  0x000000001fb18800 JavaThread "Service Thread" daemon [_thread_blocked, id=107112, stack(0x00000000202f0000,0x00000000203f0000)]
=>0x000000001ef18000 JavaThread "C1 CompilerThread3" daemon [_thread_in_native, id=44220, stack(0x000000001f9f0000,0x000000001faf0000)]
  0x000000001ef15000 JavaThread "C2 CompilerThread2" daemon [_thread_blocked, id=266524, stack(0x000000001f8f0000,0x000000001f9f0000)]
  0x000000001ef14800 JavaThread "C2 CompilerThread1" daemon [_thread_blocked, id=19676, stack(0x000000001f7f0000,0x000000001f8f0000)]
  0x000000001eee5800 JavaThread "C2 CompilerThread0" daemon [_thread_blocked, id=277368, stack(0x000000001f6f0000,0x000000001f7f0000)]
  0x000000001ec46800 JavaThread "JDWP Command Reader" daemon [_thread_in_native, id=129336, stack(0x000000001f5f0000,0x000000001f6f0000)]
  0x000000001ec37800 JavaThread "JDWP Event Helper Thread" daemon [_thread_blocked, id=157236, stack(0x000000001f4f0000,0x000000001f5f0000)]
  0x000000001cdca000 JavaThread "JDWP Transport Listener: dt_socket" daemon [_thread_blocked, id=144084, stack(0x000000001f3f0000,0x000000001f4f0000)]
  0x000000001ebd3000 JavaThread "Attach Listener" daemon [_thread_blocked, id=247560, stack(0x000000001f2f0000,0x000000001f3f0000)]
  0x000000001ec30000 JavaThread "Signal Dispatcher" daemon [_thread_blocked, id=231916, stack(0x000000001f1f0000,0x000000001f2f0000)]
  0x000000001cdc4000 JavaThread "Finalizer" daemon [_thread_blocked, id=253428, stack(0x000000001f090000,0x000000001f190000)]
  0x000000001ebb0800 JavaThread "Reference Handler" daemon [_thread_blocked, id=163816, stack(0x000000001ef90000,0x000000001f090000)]
  0x0000000003246800 JavaThread "main" [_thread_in_native, id=307084, stack(0x0000000003040000,0x0000000003140000)]

Other Threads:
  0x000000001cdb5800 VMThread [stack: 0x000000001ea90000,0x000000001eb90000] [id=60688]
  0x000000001fda2800 WatcherThread [stack: 0x0000000020510000,0x0000000020610000] [id=17948]

VM state:not at safepoint (normal execution)

VM Mutex/Monitor currently owned by a thread: None

heap address: 0x00000006c1a00000, size: 4070 MB, Compressed Oops mode: Zero based, Oop shift amount: 3
Narrow klass base: 0x0000000000000000, Narrow klass shift: 3
Compressed class space size: 1073741824 Address: 0x00000007c0000000

Heap:
 PSYoungGen      total 76288K, used 34277K [0x000000076b380000, 0x0000000770880000, 0x00000007c0000000)
  eden space 65536K, 52% used [0x000000076b380000,0x000000076d4f95b8,0x000000076f380000)
  from space 10752K, 0% used [0x000000076fe00000,0x000000076fe00000,0x0000000770880000)
  to   space 10752K, 0% used [0x000000076f380000,0x000000076f380000,0x000000076fe00000)
 ParOldGen       total 175104K, used 0K [0x00000006c1a00000, 0x00000006cc500000, 0x000000076b380000)
  object space 175104K, 0% used [0x00000006c1a00000,0x00000006c1a00000,0x00000006cc500000)
 Metaspace       used 10183K, capacity 10418K, committed 10624K, reserved 1060864K
  class space    used 1213K, capacity 1285K, committed 1408K, reserved 1048576K

Card table byte_map: [0x0000000012700000,0x0000000012f00000] byte_map_base: 0x000000000f0f3000

Marking Bits: (ParMarkBitMap*) 0x0000000066e96d90
 Begin Bits: [0x0000000013c50000, 0x0000000017be8000)
 End Bits:   [0x0000000017be8000, 0x000000001bb80000)

Polling page: 0x0000000002c20000

CodeCache: size=245760Kb used=2181Kb max_used=2181Kb free=243578Kb
 bounds [0x0000000003340000, 0x00000000035b0000, 0x0000000012340000]
 total_blobs=1060 nmethods=705 adapters=276
 compilation: enabled

Compilation events (10 events):
Event: 1.255 Thread 0x000000001ef18000 nmethod 701 0x0000000003560290 code [0x00000000035603e0, 0x0000000003560510]
Event: 1.256 Thread 0x000000001ef18000  702       1       java.nio.charset.CharsetDecoder::reset (11 bytes)
Event: 1.256 Thread 0x000000001ef18000 nmethod 702 0x0000000003560590 code [0x00000000035606e0, 0x0000000003560828]
Event: 1.256 Thread 0x000000001ef18000  703       1       java.nio.charset.CharsetDecoder::implReset (1 bytes)
Event: 1.256 Thread 0x000000001ef18000 nmethod 703 0x0000000003560890 code [0x00000000035609e0, 0x0000000003560af0]
Event: 1.257 Thread 0x000000001ef18000  704       1       java.util.jar.JarFile::maybeInstantiateVerifier (96 bytes)
Event: 1.258 Thread 0x000000001ef18000 nmethod 704 0x0000000003560b50 code [0x0000000003560d20, 0x00000000035610e8]
Event: 1.260 Thread 0x000000001ef18000  705       1       sun.net.www.protocol.file.Handler::parseURL (18 bytes)
Event: 1.261 Thread 0x000000001ef18000 nmethod 705 0x00000000035615d0 code [0x0000000003561740, 0x00000000035618d8]
Event: 1.261 Thread 0x000000001ef18000  706       1       java.net.URLStreamHandler::parseURL (1193 bytes)

GC Heap History (0 events):
No events

Deoptimization events (0 events):
No events

Classes redefined (0 events):
No events

Internal exceptions (10 events):
Event: 0.725 Thread 0x0000000003246800 Exception <a 'java/security/PrivilegedActionException'> (0x000000076bc61c90) thrown at [C:\re\workspace\8-2-build-windows-amd64-cygwin\jdk8u231\13620\hotspot\src\share\vm\prims\jvm.cpp, line 1502]
Event: 0.726 Thread 0x0000000003246800 Exception <a 'java/security/PrivilegedActionException'> (0x000000076bc64080) thrown at [C:\re\workspace\8-2-build-windows-amd64-cygwin\jdk8u231\13620\hotspot\src\share\vm\prims\jvm.cpp, line 1502]
Event: 0.726 Thread 0x0000000003246800 Exception <a 'java/security/PrivilegedActionException'> (0x000000076bc64290) thrown at [C:\re\workspace\8-2-build-windows-amd64-cygwin\jdk8u231\13620\hotspot\src\share\vm\prims\jvm.cpp, line 1502]
Event: 0.921 Thread 0x0000000003246800 Exception <a 'java/lang/ClassNotFoundException': javax/management/remote/rmi/RMIJRMPServerImpl$ExportedWrapper_Stub> (0x000000076bed3058) thrown at [C:\re\workspace\8-2-build-windows-amd64-cygwin\jdk8u231\13620\hotspot\src\share\vm\classfile\systemDiction
Event: 0.991 Thread 0x0000000003246800 Exception <a 'java/lang/NoSuchFieldError': method resolution failed> (0x000000076c090ba0) thrown at [C:\re\workspace\8-2-build-windows-amd64-cygwin\jdk8u231\13620\hotspot\src\share\vm\prims\methodHandles.cpp, line 1167]
Event: 0.993 Thread 0x0000000003246800 Exception <a 'java/lang/NoSuchFieldError': method resolution failed> (0x000000076c09f8c0) thrown at [C:\re\workspace\8-2-build-windows-amd64-cygwin\jdk8u231\13620\hotspot\src\share\vm\prims\methodHandles.cpp, line 1167]
Event: 1.104 Thread 0x0000000003246800 Exception <a 'java/io/FileNotFoundException'> (0x000000076c7739b0) thrown at [C:\re\workspace\8-2-build-windows-amd64-cygwin\jdk8u231\13620\hotspot\src\share\vm\prims\jni.cpp, line 710]
Event: 1.244 Thread 0x000000001fecf000 Exception <a 'java/lang/NoSuchMethodError': <clinit>> (0x000000076cf14c00) thrown at [C:\re\workspace\8-2-build-windows-amd64-cygwin\jdk8u231\13620\hotspot\src\share\vm\prims\jni.cpp, line 1614]
Event: 1.249 Thread 0x000000001fecf000 Exception <a 'java/lang/ClassNotFoundException': javax/management/remote/rmi/RMIConnectionImpl_Skel> (0x000000076cf3de90) thrown at [C:\re\workspace\8-2-build-windows-amd64-cygwin\jdk8u231\13620\hotspot\src\share\vm\classfile\systemDictionary.cpp, line 21
Event: 1.264 Thread 0x000000001fecf000 Exception <a 'java/lang/reflect/InvocationTargetException'> (0x000000076cf862d0) thrown at [C:\re\workspace\8-2-build-windows-amd64-cygwin\jdk8u231\13620\hotspot\src\share\vm\runtime\reflection.cpp, line 1092]

Events (10 events):
Event: 1.265 loading class org/springframework/core/annotation/AnnotationFilter$2
Event: 1.265 loading class org/springframework/core/annotation/AnnotationFilter$2 done
Event: 1.265 loading class java/lang/Throwable$PrintStreamOrWriter
Event: 1.265 Thread 0x0000000003246800 DEOPT PACKING pc=0x0000000003515a44 sp=0x000000000313d0b0
Event: 1.265 Thread 0x0000000003246800 DEOPT UNPACKING pc=0x0000000003387890 sp=0x000000000313ced0 mode 1
Event: 1.265 loading class java/lang/Throwable$PrintStreamOrWriter done
Event: 1.265 Thread 0x0000000003246800 DEOPT PACKING pc=0x000000000351598c sp=0x000000000313d240
Event: 1.265 loading class java/io/PrintWriter
Event: 1.265 Thread 0x0000000003246800 DEOPT UNPACKING pc=0x0000000003387890 sp=0x000000000313d060 mode 1
Event: 1.265 loading class java/io/PrintWriter done


Dynamic libraries:
0x00007ff694640000 - 0x00007ff694677000 	D:\Java\jdk1.8\bin\java.exe
0x00007ffe9abc0000 - 0x00007ffe9ada1000 	C:\Windows\SYSTEM32\ntdll.dll
0x00007ffe982b0000 - 0x00007ffe98361000 	C:\Windows\System32\KERNEL32.DLL
0x00007ffe97890000 - 0x00007ffe97b03000 	C:\Windows\System32\KERNELBASE.dll
0x00007ffe980e0000 - 0x00007ffe98181000 	C:\Windows\System32\ADVAPI32.DLL
0x00007ffe99ef0000 - 0x00007ffe99f8e000 	C:\Windows\System32\msvcrt.dll
0x00007ffe9a860000 - 0x00007ffe9a8bb000 	C:\Windows\System32\sechost.dll
0x00007ffe9a0c0000 - 0x00007ffe9a1e4000 	C:\Windows\System32\RPCRT4.dll
0x00007ffe9a6d0000 - 0x00007ffe9a860000 	C:\Windows\System32\USER32.dll
0x00007ffe97b10000 - 0x00007ffe97b30000 	C:\Windows\System32\win32u.dll
0x00007ffe9a640000 - 0x00007ffe9a668000 	C:\Windows\System32\GDI32.dll
0x00007ffe976a0000 - 0x00007ffe97832000 	C:\Windows\System32\gdi32full.dll
0x00007ffe97f50000 - 0x00007ffe97fef000 	C:\Windows\System32\msvcp_win.dll
0x00007ffe97c60000 - 0x00007ffe97d58000 	C:\Windows\System32\ucrtbase.dll
0x00007ffe88080000 - 0x00007ffe882e9000 	C:\Windows\WinSxS\amd64_microsoft.windows.common-controls_6595b64144ccf1df_6.0.17134.706_none_fb43a2cb30647007\COMCTL32.dll
0x00007ffe984a0000 - 0x00007ffe987c2000 	C:\Windows\System32\combase.dll
0x00007ffe97be0000 - 0x00007ffe97c5a000 	C:\Windows\System32\bcryptPrimitives.dll
0x00007ffe98370000 - 0x00007ffe9839d000 	C:\Windows\System32\IMM32.DLL
0x0000000068760000 - 0x0000000068832000 	D:\Java\jdk1.8\jre\bin\msvcr100.dll
0x0000000066670000 - 0x0000000066f16000 	D:\Java\jdk1.8\jre\bin\server\jvm.dll
0x00007ffe98050000 - 0x00007ffe98058000 	C:\Windows\System32\PSAPI.DLL
0x00007ffe84380000 - 0x00007ffe84389000 	C:\Windows\SYSTEM32\WSOCK32.dll
0x00007ffe9aa60000 - 0x00007ffe9aacc000 	C:\Windows\System32\WS2_32.dll
0x00007ffe8ee00000 - 0x00007ffe8ee0a000 	C:\Windows\SYSTEM32\VERSION.dll
0x00007ffe951b0000 - 0x00007ffe951d3000 	C:\Windows\SYSTEM32\WINMM.dll
0x00007ffe95180000 - 0x00007ffe951aa000 	C:\Windows\SYSTEM32\WINMMBASE.dll
0x00007ffe97840000 - 0x00007ffe97889000 	C:\Windows\System32\cfgmgr32.dll
0x00007ffe91e80000 - 0x00007ffe91e8f000 	D:\Java\jdk1.8\jre\bin\verify.dll
0x00007ffe86310000 - 0x00007ffe86339000 	D:\Java\jdk1.8\jre\bin\java.dll
0x00007ffe85d00000 - 0x00007ffe85d35000 	D:\Java\jdk1.8\jre\bin\jdwp.dll
0x00007ffe8f240000 - 0x00007ffe8f248000 	D:\Java\jdk1.8\jre\bin\npt.dll
0x00007ffe85e60000 - 0x00007ffe85e83000 	D:\Java\jdk1.8\jre\bin\instrument.dll
0x00007ffe86210000 - 0x00007ffe86226000 	D:\Java\jdk1.8\jre\bin\zip.dll
0x00007ffe98ab0000 - 0x00007ffe99ef0000 	C:\Windows\System32\SHELL32.dll
0x00007ffe9aae0000 - 0x00007ffe9ab89000 	C:\Windows\System32\shcore.dll
0x00007ffe96f90000 - 0x00007ffe9769d000 	C:\Windows\System32\windows.storage.dll
0x00007ffe99f90000 - 0x00007ffe99fe1000 	C:\Windows\System32\shlwapi.dll
0x00007ffe96f40000 - 0x00007ffe96f51000 	C:\Windows\System32\kernel.appcore.dll
0x00007ffe96f60000 - 0x00007ffe96f7f000 	C:\Windows\System32\profapi.dll
0x00007ffe96ed0000 - 0x00007ffe96f1c000 	C:\Windows\System32\powrprof.dll
0x00007ffe96f80000 - 0x00007ffe96f8a000 	C:\Windows\System32\FLTLIB.DLL
0x00007ffe87990000 - 0x00007ffe87999000 	D:\Java\jdk1.8\jre\bin\dt_socket.dll
0x00007ffe966d0000 - 0x00007ffe96736000 	C:\Windows\system32\mswsock.dll
0x00007ffe861f0000 - 0x00007ffe8620a000 	D:\Java\jdk1.8\jre\bin\net.dll
0x00007ffe96490000 - 0x00007ffe9654e000 	C:\Windows\SYSTEM32\DNSAPI.dll
0x00007ffe98190000 - 0x00007ffe98198000 	C:\Windows\System32\NSI.dll
0x00007ffe96450000 - 0x00007ffe96488000 	C:\Windows\SYSTEM32\IPHLPAPI.DLL
0x00007ffe901f0000 - 0x00007ffe901fa000 	C:\Windows\SYSTEM32\rasadhlp.dll
0x00007ffe93520000 - 0x00007ffe93592000 	C:\Windows\System32\fwpuclnt.dll
0x00007ffe969b0000 - 0x00007ffe969d5000 	C:\Windows\SYSTEM32\bcrypt.dll
0x00007ffe876f0000 - 0x00007ffe876fd000 	D:\Java\jdk1.8\jre\bin\management.dll
0x00007ffe861a0000 - 0x00007ffe861b2000 	D:\Java\jdk1.8\jre\bin\nio.dll
0x00007ffe96880000 - 0x00007ffe96897000 	C:\Windows\SYSTEM32\CRYPTSP.dll
0x00007ffe962b0000 - 0x00007ffe962e3000 	C:\Windows\system32\rsaenh.dll
0x00007ffe96e00000 - 0x00007ffe96e28000 	C:\Windows\SYSTEM32\USERENV.dll
0x00007ffe968a0000 - 0x00007ffe968ab000 	C:\Windows\SYSTEM32\CRYPTBASE.dll
0x00007ffe92da0000 - 0x00007ffe92db6000 	C:\Windows\SYSTEM32\dhcpcsvc6.DLL
0x00007ffe92d80000 - 0x00007ffe92d9a000 	C:\Windows\SYSTEM32\dhcpcsvc.DLL
0x00007ffe8fca0000 - 0x00007ffe8fcb6000 	C:\Windows\system32\napinsp.dll
0x00007ffe8fc80000 - 0x00007ffe8fc9a000 	C:\Windows\system32\pnrpnsp.dll
0x00007ffe948f0000 - 0x00007ffe94909000 	C:\Windows\system32\NLAapi.dll
0x00007ffe8fc10000 - 0x00007ffe8fc1e000 	C:\Windows\System32\winrnr.dll
0x00007ffe8fcc0000 - 0x00007ffe8fcd5000 	C:\Windows\System32\wshbth.dll

VM Arguments:
jvm_args: -agentlib:jdwp=transport=dt_socket,address=127.0.0.1:61566,suspend=y,server=n -XX:TieredStopAtLevel=1 -Xverify:none -Dspring.output.ansi.enabled=always -Dcom.sun.management.jmxremote -Dspring.jmx.enabled=true -Dspring.liveBeansView.mbeanDomain -Dspring.application.admin.enabled=true -javaagent:C:\Users\1812280003\.IntelliJIdea2019.2\system\captureAgent\debugger-agent.jar -Dfile.encoding=UTF-8 
java_command: com.hp.daily.DailyApplication
java_class_path (initial): D:\Java\jdk1.8\jre\lib\charsets.jar;D:\Java\jdk1.8\jre\lib\deploy.jar;D:\Java\jdk1.8\jre\lib\ext\access-bridge-64.jar;D:\Java\jdk1.8\jre\lib\ext\cldrdata.jar;D:\Java\jdk1.8\jre\lib\ext\dnsns.jar;D:\Java\jdk1.8\jre\lib\ext\jaccess.jar;D:\Java\jdk1.8\jre\lib\ext\jfxrt.jar;D:\Java\jdk1.8\jre\lib\ext\localedata.jar;D:\Java\jdk1.8\jre\lib\ext\nashorn.jar;D:\Java\jdk1.8\jre\lib\ext\sunec.jar;D:\Java\jdk1.8\jre\lib\ext\sunjce_provider.jar;D:\Java\jdk1.8\jre\lib\ext\sunmscapi.jar;D:\Java\jdk1.8\jre\lib\ext\sunpkcs11.jar;D:\Java\jdk1.8\jre\lib\ext\zipfs.jar;D:\Java\jdk1.8\jre\lib\javaws.jar;D:\Java\jdk1.8\jre\lib\jce.jar;D:\Java\jdk1.8\jre\lib\jfr.jar;D:\Java\jdk1.8\jre\lib\jfxswt.jar;D:\Java\jdk1.8\jre\lib\jsse.jar;D:\Java\jdk1.8\jre\lib\management-agent.jar;D:\Java\jdk1.8\jre\lib\plugin.jar;D:\Java\jdk1.8\jre\lib\resources.jar;D:\Java\jdk1.8\jre\lib\rt.jar;C:\Users\1812280003\IdeaProjects\daily\target\classes;C:\Users\1812280003\.m2\repository\org\springframework\boot\spring-boot-starter-web\2.2.0.RELEASE\spring-boot-starter-web-2.2.0.RELEASE.jar;C:\Users\1812280003\.m2\repository\org\springframework\boot\spring-boot-starter\2.2.0.RELEASE\spring-boot-starter-2.2.0.RELEASE.jar;C:\Users\1812280003\.m2\repository\org\springframework\boot\spring-boot\2.2.0.RELEASE\spring-boot-2.2.0.RELEASE.jar;C:\Users\1812280003\.m2\repository\org\springframework\boot\spring-boot-autoconfigure\2.2.0.RELEASE\spring-boot-autoconfigure-2.2.0.RELEASE.jar;C:\Users\1812280003\.m2\repository\org\springframework\boot\spring-boot-starter-logging\2.2.0.RELEASE\spring-boot-starter-logging-2.2.0.RELEASE.jar;C:\Users\1812280003\.m2\repository\ch\qos\logback\logback-classic\1.2.3\logback-classic-1.2.3.jar;C:\Users\1812280003\.m2\repository\ch\qos\logback\logback-core\1.2.3\logback-core-1.2.3.jar;C:\Users\1812280003\.m2\repository\org\apache\logging\log4j\log4j-to-slf4j\2.12.1\log4j-to-slf4j-2.12.1.jar;C:\Users\1812280003\.m2\repository\org\apache\logging\log4j\log4j-api\2.12.1\
Launcher Type: SUN_STANDARD

Environment Variables:
JAVA_HOME=D:\Java\jdk1.7
CLASSPATH=.;D:\Java\jdk1.7\lib\dt.jar;D:\Java\jdk1.7\lib\tools.jar
PATH=C:\Windows\system32;C:\Windows;C:\Windows\System32\Wbem;C:\Windows\System32\WindowsPowerShell\v1.0\;C:\Windows\System32\OpenSSH\;D:\Java\jdk1.7\bin;D:\Java\jdk1.7\jre\bin;D:\Apache\apache-tomcat-7.0.92\lib;D:\Apache\apache-tomcat-7.0.92\bin;D:\TortoiseSVN\bin;D:\Apache\Maven\apache-maven-3.6.0\bin;D:\PLSQL\instantclient_11_2;C:\Users\1812280003\AppData\Local\Microsoft\WindowsApps;c:\program files\esafenet\cobra docguard client;C:\Users\1812280003\AppData\Local\BypassRuntm
USERNAME=1812280003
OS=Windows_NT
PROCESSOR_IDENTIFIER=Intel64 Family 6 Model 142 Stepping 10, GenuineIntel



---------------  S Y S T E M  ---------------

OS: Windows 10.0 , 64 bit Build 17134 (10.0.17134.706)

CPU:total 8 (initial active 8) (4 cores per cpu, 2 threads per core) family 6 model 142 stepping 10, cmov, cx8, fxsr, mmx, sse, sse2, sse3, ssse3, sse4.1, sse4.2, popcnt, avx, avx2, aes, clmul, erms, 3dnowpref, lzcnt, ht, tsc, tscinvbit, bmi1, bmi2, adx

Memory: 4k page, physical 16669312k(5561816k free), swap 18766464k(4092k free)

vm_info: Java HotSpot(TM) 64-Bit Server VM (25.231-b11) for windows-amd64 JRE (1.8.0_231-b11), built on Oct  5 2019 03:11:30 by "java_re" with MS VC++ 10.0 (VS2010)

time: Fri Nov 08 16:18:17 2019
timezone: 中国标准时间
elapsed time: 1 seconds (0d 0h 0m 1s)

