#
# There is insufficient memory for the Java Runtime Environment to continue.
# Native memory allocation (malloc) failed to allocate 32744 bytes for ChunkPool::allocate
# Possible reasons:
#   The system is out of physical RAM or swap space
#   The process is running with CompressedOops enabled, and the Java Heap may be blocking the growth of the native heap
# Possible solutions:
#   Reduce memory load on the system
#   Increase physical memory or swap space
#   Check if swap backing store is full
#   Decrease Java heap size (-Xmx/-Xms)
#   Decrease number of Java threads
#   Decrease Java thread stack sizes (-Xss)
#   Set larger code cache with -XX:ReservedCodeCacheSize=
#   JVM is running with Zero Based Compressed Oops mode in which the Java heap is
#     placed in the first 32GB address space. The Java Heap base address is the
#     maximum limit for the native heap growth. Please use -XX:HeapBaseMinAddress
#     to set the Java Heap base and to place the Java Heap above 32GB virtual address.
# This output file may be truncated or incomplete.
#
#  Out of Memory Error (allocation.cpp:272), pid=449776, tid=0x000000000006ede0
#
# JRE version: Java(TM) SE Runtime Environment (8.0_231-b11) (build 1.8.0_231-b11)
# Java VM: Java HotSpot(TM) 64-Bit Server VM (25.231-b11 mixed mode windows-amd64 compressed oops)
# Failed to write core dump. Minidumps are not enabled by default on client versions of Windows
#

---------------  T H R E A D  ---------------

Current thread (0x000000001e962800):  JavaThread "C1 CompilerThread3" daemon [_thread_in_native, id=454112, stack(0x000000001f470000,0x000000001f570000)]

Stack: [0x000000001f470000,0x000000001f570000]
[error occurred during error reporting (printing stack bounds), id 0xc0000005]

Native frames: (J=compiled Java code, j=interpreted, Vv=VM code, C=native code)


Current CompileTask:
C1:  29586 3531       1       freemarker.core.FMParserTokenManager::TokenLexicalActions (5546 bytes)


---------------  P R O C E S S  ---------------

Java Threads: ( => current thread )
  0x00000000215e6000 JavaThread "RMI TCP Connection(2)-172.16.98.48" daemon [_thread_in_native, id=441936, stack(0x0000000024210000,0x0000000024310000)]
  0x00000000215e1800 JavaThread "DestroyJavaVM" [_thread_blocked, id=436984, stack(0x0000000002ac0000,0x0000000002bc0000)]
  0x000000001e911000 JavaThread "http-nio-80-Acceptor" daemon [_thread_in_native, id=397520, stack(0x0000000023f10000,0x0000000024010000)]
  0x000000001e910800 JavaThread "http-nio-80-ClientPoller" daemon [_thread_in_native, id=382616, stack(0x0000000023e10000,0x0000000023f10000)]
  0x000000001e90c000 JavaThread "http-nio-80-exec-10" daemon [_thread_blocked, id=462900, stack(0x0000000023d10000,0x0000000023e10000)]
  0x000000001e90f000 JavaThread "http-nio-80-exec-9" daemon [_thread_blocked, id=420952, stack(0x0000000023c10000,0x0000000023d10000)]
  0x000000001e90e000 JavaThread "http-nio-80-exec-8" daemon [_thread_blocked, id=445316, stack(0x0000000023b10000,0x0000000023c10000)]
  0x000000001e912000 JavaThread "http-nio-80-exec-7" daemon [_thread_blocked, id=444188, stack(0x0000000023a10000,0x0000000023b10000)]
  0x000000001e90c800 JavaThread "http-nio-80-exec-6" daemon [_thread_blocked, id=390884, stack(0x0000000023910000,0x0000000023a10000)]
  0x000000001e90d800 JavaThread "http-nio-80-exec-5" daemon [_thread_blocked, id=418644, stack(0x0000000023810000,0x0000000023910000)]
  0x000000001e90f800 JavaThread "http-nio-80-exec-4" daemon [_thread_blocked, id=46856, stack(0x0000000023710000,0x0000000023810000)]
  0x000000001e912800 JavaThread "http-nio-80-exec-3" daemon [_thread_blocked, id=446912, stack(0x0000000023610000,0x0000000023710000)]
  0x000000001e7ab000 JavaThread "http-nio-80-exec-2" daemon [_thread_in_Java, id=392488, stack(0x0000000023510000,0x0000000023610000)]
  0x000000001e7aa000 JavaThread "http-nio-80-exec-1" daemon [_thread_blocked, id=423776, stack(0x0000000023410000,0x0000000023510000)]
  0x000000001e7a9800 JavaThread "http-nio-80-BlockPoller" daemon [_thread_in_native, id=443416, stack(0x0000000023310000,0x0000000023410000)]
  0x000000002142f800 JavaThread "mysql-cj-abandoned-connection-cleanup" daemon [_thread_blocked, id=389852, stack(0x0000000022b10000,0x0000000022c10000)]
  0x00000000213e9000 JavaThread "container-0" [_thread_blocked, id=456256, stack(0x0000000022a10000,0x0000000022b10000)]
  0x00000000213c3800 JavaThread "Catalina-utility-2" [_thread_blocked, id=385040, stack(0x0000000022910000,0x0000000022a10000)]
  0x00000000213c2800 JavaThread "Catalina-utility-1" [_thread_blocked, id=390288, stack(0x0000000022810000,0x0000000022910000)]
  0x000000001fa3c000 JavaThread "RMI Scheduler(0)" daemon [_thread_blocked, id=444768, stack(0x0000000020440000,0x0000000020540000)]
  0x000000001f94a000 JavaThread "RMI TCP Connection(1)-172.16.98.48" daemon [_thread_in_native, id=421392, stack(0x0000000020340000,0x0000000020440000)]
  0x000000001f7fc800 JavaThread "RMI TCP Accept-0" daemon [_thread_in_native, id=418140, stack(0x000000001fe90000,0x000000001ff90000)]
  0x000000001f590800 JavaThread "Service Thread" daemon [_thread_blocked, id=407320, stack(0x000000001fd70000,0x000000001fe70000)]
=>0x000000001e962800 JavaThread "C1 CompilerThread3" daemon [_thread_in_native, id=454112, stack(0x000000001f470000,0x000000001f570000)]
  0x000000001e95b800 JavaThread "C2 CompilerThread2" daemon [_thread_blocked, id=145168, stack(0x000000001f370000,0x000000001f470000)]
  0x000000001e95b000 JavaThread "C2 CompilerThread1" daemon [_thread_blocked, id=459644, stack(0x000000001f270000,0x000000001f370000)]
  0x000000001e93b000 JavaThread "C2 CompilerThread0" daemon [_thread_blocked, id=421448, stack(0x000000001f170000,0x000000001f270000)]
  0x000000001e688800 JavaThread "JDWP Command Reader" daemon [_thread_in_native, id=426564, stack(0x000000001f070000,0x000000001f170000)]
  0x000000001e687800 JavaThread "JDWP Event Helper Thread" daemon [_thread_in_native, id=455236, stack(0x000000001ef70000,0x000000001f070000)]
  0x000000001c7fa000 JavaThread "JDWP Transport Listener: dt_socket" daemon [_thread_blocked, id=387248, stack(0x000000001ee70000,0x000000001ef70000)]
  0x000000001e623000 JavaThread "Attach Listener" daemon [_thread_blocked, id=248512, stack(0x000000001ed50000,0x000000001ee50000)]
  0x000000001e680000 JavaThread "Signal Dispatcher" daemon [_thread_blocked, id=430420, stack(0x000000001ec50000,0x000000001ed50000)]
  0x000000001c7f3800 JavaThread "Finalizer" daemon [_thread_blocked, id=405872, stack(0x000000001eae0000,0x000000001ebe0000)]
  0x000000001e600800 JavaThread "Reference Handler" daemon [_thread_blocked, id=435188, stack(0x000000001e9e0000,0x000000001eae0000)]

Other Threads:
  0x000000001c7e9800 VMThread [stack: 0x000000001e4e0000,0x000000001e5e0000] [id=360556]
  0x000000001f811000 WatcherThread [stack: 0x000000001ff90000,0x0000000020090000] [id=424512]

VM state:not at safepoint (normal execution)

VM Mutex/Monitor currently owned by a thread: None

heap address: 0x00000006c1a00000, size: 4070 MB, Compressed Oops mode: Zero based, Oop shift amount: 3
Narrow klass base: 0x0000000000000000, Narrow klass shift: 3
Compressed class space size: 1073741824 Address: 0x00000007c0000000

Heap:
 PSYoungGen      total 182272K, used 46911K [0x000000076b380000, 0x0000000779080000, 0x00000007c0000000)
  eden space 169472K, 27% used [0x000000076b380000,0x000000076e14ff58,0x0000000775900000)
  from space 12800K, 0% used [0x0000000776580000,0x0000000776580000,0x0000000777200000)
  to   space 12800K, 0% used [0x0000000775900000,0x0000000775900000,0x0000000776580000)
 ParOldGen       total 147968K, used 13845K [0x00000006c1a00000, 0x00000006caa80000, 0x000000076b380000)
  object space 147968K, 9% used [0x00000006c1a00000,0x00000006c2785630,0x00000006caa80000)
 Metaspace       used 36989K, capacity 38941K, committed 39168K, reserved 1083392K
  class space    used 4895K, capacity 5264K, committed 5376K, reserved 1048576K

Card table byte_map: [0x0000000012180000,0x0000000012980000] byte_map_base: 0x000000000eb73000

Marking Bits: (ParMarkBitMap*) 0x000000006abf6d90
 Begin Bits: [0x00000000136d0000, 0x0000000017668000)
 End Bits:   [0x0000000017668000, 0x000000001b600000)

Polling page: 0x0000000000b60000

CodeCache: size=245760Kb used=7107Kb max_used=7196Kb free=238652Kb
 bounds [0x0000000002dc0000, 0x00000000034d0000, 0x0000000011dc0000]
 total_blobs=3956 nmethods=3493 adapters=383
 compilation: enabled

Compilation events (10 events):
Event: 29.568 Thread 0x000000001e962800 nmethod 3524 0x0000000003050890 code [0x0000000003050a20, 0x0000000003050c18]
Event: 29.568 Thread 0x000000001e962800 3525       1       freemarker.core.FMParserTokenManager::jjFillToken (97 bytes)
Event: 29.568 Thread 0x000000001e962800 nmethod 3525 0x0000000002f1f950 code [0x0000000002f1fac0, 0x0000000002f1fda8]
Event: 29.568 Thread 0x000000001e962800 3526       1       freemarker.core.SimpleCharStream::GetImage (97 bytes)
Event: 29.569 Thread 0x000000001e962800 nmethod 3526 0x0000000002f15dd0 code [0x0000000002f15f80, 0x0000000002f16458]
Event: 29.569 Thread 0x000000001e962800 3532       1       freemarker.core.FMParser::jj_consume_token (170 bytes)
Event: 29.569 Thread 0x000000001e962800 nmethod 3532 0x00000000030efb10 code [0x00000000030efca0, 0x00000000030eff98]
Event: 29.569 Thread 0x000000001e962800 3527       1       freemarker.core.SimpleCharStream::getBeginLine (10 bytes)
Event: 29.569 Thread 0x000000001e962800 nmethod 3527 0x0000000003050550 code [0x00000000030506a0, 0x00000000030507d0]
Event: 29.569 Thread 0x000000001e962800 3531       1       freemarker.core.FMParserTokenManager::TokenLexicalActions (5546 bytes)

GC Heap History (10 events):
Event: 4.258 GC heap before
{Heap before GC invocations=4 (full 1):
 PSYoungGen      total 76288K, used 5817K [0x000000076b380000, 0x0000000774880000, 0x00000007c0000000)
  eden space 65536K, 0% used [0x000000076b380000,0x000000076b380000,0x000000076f380000)
  from space 10752K, 54% used [0x000000076f380000,0x000000076f92e628,0x000000076fe00000)
  to   space 10752K, 0% used [0x0000000773e00000,0x0000000773e00000,0x0000000774880000)
 ParOldGen       total 175104K, used 32K [0x00000006c1a00000, 0x00000006cc500000, 0x000000076b380000)
  object space 175104K, 0% used [0x00000006c1a00000,0x00000006c1a08000,0x00000006cc500000)
 Metaspace       used 20532K, capacity 21248K, committed 21296K, reserved 1067008K
  class space    used 2708K, capacity 2916K, committed 2944K, reserved 1048576K
Event: 4.307 GC heap after
Heap after GC invocations=4 (full 1):
 PSYoungGen      total 76288K, used 0K [0x000000076b380000, 0x0000000774880000, 0x00000007c0000000)
  eden space 65536K, 0% used [0x000000076b380000,0x000000076b380000,0x000000076f380000)
  from space 10752K, 0% used [0x000000076f380000,0x000000076f380000,0x000000076fe00000)
  to   space 10752K, 0% used [0x0000000773e00000,0x0000000773e00000,0x0000000774880000)
 ParOldGen       total 92672K, used 5676K [0x00000006c1a00000, 0x00000006c7480000, 0x000000076b380000)
  object space 92672K, 6% used [0x00000006c1a00000,0x00000006c1f8b090,0x00000006c7480000)
 Metaspace       used 20530K, capacity 21242K, committed 21296K, reserved 1067008K
  class space    used 2707K, capacity 2915K, committed 2944K, reserved 1048576K
}
Event: 5.577 GC heap before
{Heap before GC invocations=5 (full 1):
 PSYoungGen      total 76288K, used 65536K [0x000000076b380000, 0x0000000774880000, 0x00000007c0000000)
  eden space 65536K, 100% used [0x000000076b380000,0x000000076f380000,0x000000076f380000)
  from space 10752K, 0% used [0x000000076f380000,0x000000076f380000,0x000000076fe00000)
  to   space 10752K, 0% used [0x0000000773e00000,0x0000000773e00000,0x0000000774880000)
 ParOldGen       total 92672K, used 5676K [0x00000006c1a00000, 0x00000006c7480000, 0x000000076b380000)
  object space 92672K, 6% used [0x00000006c1a00000,0x00000006c1f8b090,0x00000006c7480000)
 Metaspace       used 23769K, capacity 24728K, committed 24960K, reserved 1071104K
  class space    used 3199K, capacity 3430K, committed 3456K, reserved 1048576K
Event: 5.582 GC heap after
Heap after GC invocations=5 (full 1):
 PSYoungGen      total 113664K, used 6437K [0x000000076b380000, 0x0000000774480000, 0x00000007c0000000)
  eden space 107008K, 0% used [0x000000076b380000,0x000000076b380000,0x0000000771c00000)
  from space 6656K, 96% used [0x0000000773e00000,0x0000000774449648,0x0000000774480000)
  to   space 10752K, 0% used [0x0000000772f80000,0x0000000772f80000,0x0000000773a00000)
 ParOldGen       total 92672K, used 5684K [0x00000006c1a00000, 0x00000006c7480000, 0x000000076b380000)
  object space 92672K, 6% used [0x00000006c1a00000,0x00000006c1f8d090,0x00000006c7480000)
 Metaspace       used 23769K, capacity 24728K, committed 24960K, reserved 1071104K
  class space    used 3199K, capacity 3430K, committed 3456K, reserved 1048576K
}
Event: 7.394 GC heap before
{Heap before GC invocations=6 (full 1):
 PSYoungGen      total 113664K, used 113445K [0x000000076b380000, 0x0000000774480000, 0x00000007c0000000)
  eden space 107008K, 100% used [0x000000076b380000,0x0000000771c00000,0x0000000771c00000)
  from space 6656K, 96% used [0x0000000773e00000,0x0000000774449648,0x0000000774480000)
  to   space 10752K, 0% used [0x0000000772f80000,0x0000000772f80000,0x0000000773a00000)
 ParOldGen       total 92672K, used 5684K [0x00000006c1a00000, 0x00000006c7480000, 0x000000076b380000)
  object space 92672K, 6% used [0x00000006c1a00000,0x00000006c1f8d090,0x00000006c7480000)
 Metaspace       used 32157K, capacity 33688K, committed 33920K, reserved 1079296K
  class space    used 4300K, capacity 4628K, committed 4736K, reserved 1048576K
Event: 7.404 GC heap after
Heap after GC invocations=6 (full 1):
 PSYoungGen      total 137728K, used 10727K [0x000000076b380000, 0x0000000777200000, 0x00000007c0000000)
  eden space 126976K, 0% used [0x000000076b380000,0x000000076b380000,0x0000000772f80000)
  from space 10752K, 99% used [0x0000000772f80000,0x00000007739f9dd0,0x0000000773a00000)
  to   space 12800K, 0% used [0x0000000776580000,0x0000000776580000,0x0000000777200000)
 ParOldGen       total 92672K, used 5965K [0x00000006c1a00000, 0x00000006c7480000, 0x000000076b380000)
  object space 92672K, 6% used [0x00000006c1a00000,0x00000006c1fd37b8,0x00000006c7480000)
 Metaspace       used 32157K, capacity 33688K, committed 33920K, reserved 1079296K
  class space    used 4300K, capacity 4628K, committed 4736K, reserved 1048576K
}
Event: 7.870 GC heap before
{Heap before GC invocations=7 (full 1):
 PSYoungGen      total 137728K, used 39743K [0x000000076b380000, 0x0000000777200000, 0x00000007c0000000)
  eden space 126976K, 22% used [0x000000076b380000,0x000000076cfd60b8,0x0000000772f80000)
  from space 10752K, 99% used [0x0000000772f80000,0x00000007739f9dd0,0x0000000773a00000)
  to   space 12800K, 0% used [0x0000000776580000,0x0000000776580000,0x0000000777200000)
 ParOldGen       total 92672K, used 5965K [0x00000006c1a00000, 0x00000006c7480000, 0x000000076b380000)
  object space 92672K, 6% used [0x00000006c1a00000,0x00000006c1fd37b8,0x00000006c7480000)
 Metaspace       used 33726K, capacity 35460K, committed 35496K, reserved 1079296K
  class space    used 4516K, capacity 4852K, committed 4864K, reserved 1048576K
Event: 7.878 GC heap after
Heap after GC invocations=7 (full 1):
 PSYoungGen      total 182272K, used 9186K [0x000000076b380000, 0x0000000779080000, 0x00000007c0000000)
  eden space 169472K, 0% used [0x000000076b380000,0x000000076b380000,0x0000000775900000)
  from space 12800K, 71% used [0x0000000776580000,0x0000000776e78bb8,0x0000000777200000)
  to   space 12800K, 0% used [0x0000000775900000,0x0000000775900000,0x0000000776580000)
 ParOldGen       total 92672K, used 5973K [0x00000006c1a00000, 0x00000006c7480000, 0x000000076b380000)
  object space 92672K, 6% used [0x00000006c1a00000,0x00000006c1fd57b8,0x00000006c7480000)
 Metaspace       used 33726K, capacity 35460K, committed 35496K, reserved 1079296K
  class space    used 4516K, capacity 4852K, committed 4864K, reserved 1048576K
}
Event: 7.878 GC heap before
{Heap before GC invocations=8 (full 2):
 PSYoungGen      total 182272K, used 9186K [0x000000076b380000, 0x0000000779080000, 0x00000007c0000000)
  eden space 169472K, 0% used [0x000000076b380000,0x000000076b380000,0x0000000775900000)
  from space 12800K, 71% used [0x0000000776580000,0x0000000776e78bb8,0x0000000777200000)
  to   space 12800K, 0% used [0x0000000775900000,0x0000000775900000,0x0000000776580000)
 ParOldGen       total 92672K, used 5973K [0x00000006c1a00000, 0x00000006c7480000, 0x000000076b380000)
  object space 92672K, 6% used [0x00000006c1a00000,0x00000006c1fd57b8,0x00000006c7480000)
 Metaspace       used 33726K, capacity 35460K, committed 35496K, reserved 1079296K
  class space    used 4516K, capacity 4852K, committed 4864K, reserved 1048576K
Event: 7.975 GC heap after
Heap after GC invocations=8 (full 2):
 PSYoungGen      total 182272K, used 0K [0x000000076b380000, 0x0000000779080000, 0x00000007c0000000)
  eden space 169472K, 0% used [0x000000076b380000,0x000000076b380000,0x0000000775900000)
  from space 12800K, 0% used [0x0000000776580000,0x0000000776580000,0x0000000777200000)
  to   space 12800K, 0% used [0x0000000775900000,0x0000000775900000,0x0000000776580000)
 ParOldGen       total 147968K, used 13845K [0x00000006c1a00000, 0x00000006caa80000, 0x000000076b380000)
  object space 147968K, 9% used [0x00000006c1a00000,0x00000006c2785630,0x00000006caa80000)
 Metaspace       used 33726K, capacity 35460K, committed 35496K, reserved 1079296K
  class space    used 4516K, capacity 4852K, committed 4864K, reserved 1048576K
}

Deoptimization events (0 events):
No events

Classes redefined (0 events):
No events

Internal exceptions (10 events):
Event: 7.787 Thread 0x0000000002cc6800 Exception <a 'java/lang/IncompatibleClassChangeError': Found class java.lang.Object, but interface was expected> (0x000000076cb2b040) thrown at [C:\re\workspace\8-2-build-windows-amd64-cygwin\jdk8u231\13620\hotspot\src\share\vm\interpreter\linkResolver.cp
Event: 7.841 Thread 0x0000000002cc6800 Exception <a 'java/lang/ArrayIndexOutOfBoundsException'> (0x000000076ce48ad8) thrown at [C:\re\workspace\8-2-build-windows-amd64-cygwin\jdk8u231\13620\hotspot\src\share\vm\runtime\sharedRuntime.cpp, line 605]
Event: 7.856 Thread 0x0000000002cc6800 Exception <a 'java/lang/ArrayIndexOutOfBoundsException'> (0x000000076cf0bb30) thrown at [C:\re\workspace\8-2-build-windows-amd64-cygwin\jdk8u231\13620\hotspot\src\share\vm\runtime\sharedRuntime.cpp, line 605]
Event: 8.175 Thread 0x0000000002cc6800 Exception <a 'java/lang/ArrayIndexOutOfBoundsException'> (0x000000076c4679d8) thrown at [C:\re\workspace\8-2-build-windows-amd64-cygwin\jdk8u231\13620\hotspot\src\share\vm\runtime\sharedRuntime.cpp, line 605]
Event: 8.175 Thread 0x0000000002cc6800 Exception <a 'java/lang/ArrayIndexOutOfBoundsException'> (0x000000076c46b480) thrown at [C:\re\workspace\8-2-build-windows-amd64-cygwin\jdk8u231\13620\hotspot\src\share\vm\runtime\sharedRuntime.cpp, line 605]
Event: 8.188 Thread 0x0000000002cc6800 Exception <a 'java/lang/ArrayIndexOutOfBoundsException'> (0x000000076c52a8d8) thrown at [C:\re\workspace\8-2-build-windows-amd64-cygwin\jdk8u231\13620\hotspot\src\share\vm\runtime\sharedRuntime.cpp, line 605]
Event: 8.215 Thread 0x0000000002cc6800 Exception <a 'java/lang/ArrayIndexOutOfBoundsException'> (0x000000076c6c22e0) thrown at [C:\re\workspace\8-2-build-windows-amd64-cygwin\jdk8u231\13620\hotspot\src\share\vm\runtime\sharedRuntime.cpp, line 605]
Event: 8.216 Thread 0x0000000002cc6800 Exception <a 'java/lang/ArrayIndexOutOfBoundsException'> (0x000000076c6cb378) thrown at [C:\re\workspace\8-2-build-windows-amd64-cygwin\jdk8u231\13620\hotspot\src\share\vm\runtime\sharedRuntime.cpp, line 605]
Event: 8.216 Thread 0x0000000002cc6800 Exception <a 'java/lang/ArrayIndexOutOfBoundsException'> (0x000000076c6cd088) thrown at [C:\re\workspace\8-2-build-windows-amd64-cygwin\jdk8u231\13620\hotspot\src\share\vm\runtime\sharedRuntime.cpp, line 605]
Event: 29.465 Thread 0x000000001e7aa000 Exception <a 'java/lang/NoSuchMethodError': java.lang.Object.lambda$thenComparing$36697e65$1(Ljava/util/Comparator;Ljava/lang/Object;Ljava/lang/Object;)I> (0x000000076dba2c10) thrown at [C:\re\workspace\8-2-build-windows-amd64-cygwin\jdk8u231\13620\hotspo

Events (10 events):
Event: 29.571 Thread 0x000000001e7ab000 DEOPT PACKING pc=0x0000000002f89204 sp=0x000000002360d170
Event: 29.571 Thread 0x000000001e7ab000 DEOPT UNPACKING pc=0x0000000002e07890 sp=0x000000002360ceb8 mode 1
Event: 29.571 loading class freemarker/core/TextBlock
Event: 29.571 loading class freemarker/core/TextBlock done
Event: 29.571 Thread 0x000000001e7ab000 DEOPT PACKING pc=0x0000000002fd2251 sp=0x000000002360bf80
Event: 29.571 Thread 0x000000001e7ab000 DEOPT UNPACKING pc=0x0000000002e07890 sp=0x000000002360bcd0 mode 1
Event: 29.571 Thread 0x000000001e7ab000 DEOPT PACKING pc=0x0000000002fadd44 sp=0x000000002360c000
Event: 29.571 Thread 0x000000001e7ab000 DEOPT UNPACKING pc=0x0000000002e07890 sp=0x000000002360be20 mode 1
Event: 29.571 Thread 0x000000001e7ab000 DEOPT PACKING pc=0x0000000002fadc8c sp=0x000000002360c190
Event: 29.571 Thread 0x000000001e7ab000 DEOPT UNPACKING pc=0x0000000002e07890 sp=0x000000002360bfb0 mode 1


Dynamic libraries:
0x00007ff7180f0000 - 0x00007ff718127000 	D:\Java\jdk1.8\bin\java.exe
0x00007ff9d0580000 - 0x00007ff9d0761000 	C:\Windows\SYSTEM32\ntdll.dll
0x00007ff9cfe70000 - 0x00007ff9cff21000 	C:\Windows\System32\KERNEL32.DLL
0x00007ff9ccba0000 - 0x00007ff9cce13000 	C:\Windows\System32\KERNELBASE.dll
0x00007ff9cfd50000 - 0x00007ff9cfdf1000 	C:\Windows\System32\ADVAPI32.DLL
0x00007ff9d0480000 - 0x00007ff9d051e000 	C:\Windows\System32\msvcrt.dll
0x00007ff9cfe10000 - 0x00007ff9cfe6b000 	C:\Windows\System32\sechost.dll
0x00007ff9cff30000 - 0x00007ff9d0054000 	C:\Windows\System32\RPCRT4.dll
0x00007ff9cfbc0000 - 0x00007ff9cfd50000 	C:\Windows\System32\USER32.dll
0x00007ff9cc950000 - 0x00007ff9cc970000 	C:\Windows\System32\win32u.dll
0x00007ff9d0520000 - 0x00007ff9d0548000 	C:\Windows\System32\GDI32.dll
0x00007ff9cd810000 - 0x00007ff9cd9a2000 	C:\Windows\System32\gdi32full.dll
0x00007ff9cce20000 - 0x00007ff9ccebf000 	C:\Windows\System32\msvcp_win.dll
0x00007ff9ccaa0000 - 0x00007ff9ccb98000 	C:\Windows\System32\ucrtbase.dll
0x00007ff9c36f0000 - 0x00007ff9c3959000 	C:\Windows\WinSxS\amd64_microsoft.windows.common-controls_6595b64144ccf1df_6.0.17134.706_none_fb43a2cb30647007\COMCTL32.dll
0x00007ff9d0060000 - 0x00007ff9d0382000 	C:\Windows\System32\combase.dll
0x00007ff9cc970000 - 0x00007ff9cc9ea000 	C:\Windows\System32\bcryptPrimitives.dll
0x00007ff9cda70000 - 0x00007ff9cda9d000 	C:\Windows\System32\IMM32.DLL
0x000000006ae00000 - 0x000000006aed2000 	D:\Java\jdk1.8\jre\bin\msvcr100.dll
0x000000006a3d0000 - 0x000000006ac76000 	D:\Java\jdk1.8\jre\bin\server\jvm.dll
0x00007ff9cfe00000 - 0x00007ff9cfe08000 	C:\Windows\System32\PSAPI.DLL
0x00007ff9b5ef0000 - 0x00007ff9b5f13000 	C:\Windows\SYSTEM32\WINMM.dll
0x00007ff9c2330000 - 0x00007ff9c2339000 	C:\Windows\SYSTEM32\WSOCK32.dll
0x00007ff9c5700000 - 0x00007ff9c570a000 	C:\Windows\SYSTEM32\VERSION.dll
0x00007ff9cf960000 - 0x00007ff9cf9cc000 	C:\Windows\System32\WS2_32.dll
0x00007ff9b5ce0000 - 0x00007ff9b5d0a000 	C:\Windows\SYSTEM32\winmmbase.dll
0x00007ff9cd5d0000 - 0x00007ff9cd619000 	C:\Windows\System32\cfgmgr32.dll
0x00007ff9c6dd0000 - 0x00007ff9c6ddf000 	D:\Java\jdk1.8\jre\bin\verify.dll
0x00007ff9bb100000 - 0x00007ff9bb129000 	D:\Java\jdk1.8\jre\bin\java.dll
0x00007ff9b81b0000 - 0x00007ff9b81e5000 	D:\Java\jdk1.8\jre\bin\jdwp.dll
0x00007ff9baf90000 - 0x00007ff9baf98000 	D:\Java\jdk1.8\jre\bin\npt.dll
0x00007ff9b7e70000 - 0x00007ff9b7e93000 	D:\Java\jdk1.8\jre\bin\instrument.dll
0x00007ff9c6520000 - 0x00007ff9c6536000 	D:\Java\jdk1.8\jre\bin\zip.dll
0x00007ff9ce520000 - 0x00007ff9cf960000 	C:\Windows\System32\SHELL32.dll
0x00007ff9ce050000 - 0x00007ff9ce0f9000 	C:\Windows\System32\shcore.dll
0x00007ff9ccec0000 - 0x00007ff9cd5cd000 	C:\Windows\System32\windows.storage.dll
0x00007ff9cda10000 - 0x00007ff9cda61000 	C:\Windows\System32\shlwapi.dll
0x00007ff9cc930000 - 0x00007ff9cc941000 	C:\Windows\System32\kernel.appcore.dll
0x00007ff9cc910000 - 0x00007ff9cc92f000 	C:\Windows\System32\profapi.dll
0x00007ff9cc8a0000 - 0x00007ff9cc8ec000 	C:\Windows\System32\powrprof.dll
0x00007ff9cc890000 - 0x00007ff9cc89a000 	C:\Windows\System32\FLTLIB.DLL
0x00007ff9baf50000 - 0x00007ff9baf59000 	D:\Java\jdk1.8\jre\bin\dt_socket.dll
0x00007ff9cc090000 - 0x00007ff9cc0f6000 	C:\Windows\system32\mswsock.dll
0x00007ff9c4b30000 - 0x00007ff9c4b4a000 	D:\Java\jdk1.8\jre\bin\net.dll
0x00007ff9cbe50000 - 0x00007ff9cbf0e000 	C:\Windows\SYSTEM32\DNSAPI.dll
0x00007ff9cfb20000 - 0x00007ff9cfb28000 	C:\Windows\System32\NSI.dll
0x00007ff9cbe10000 - 0x00007ff9cbe48000 	C:\Windows\SYSTEM32\IPHLPAPI.DLL
0x00007ff9c5e50000 - 0x00007ff9c5e5a000 	C:\Windows\SYSTEM32\rasadhlp.dll
0x00007ff9c84e0000 - 0x00007ff9c8552000 	C:\Windows\System32\fwpuclnt.dll
0x00007ff9cc370000 - 0x00007ff9cc395000 	C:\Windows\SYSTEM32\bcrypt.dll
0x00007ff9c49d0000 - 0x00007ff9c49dd000 	D:\Java\jdk1.8\jre\bin\management.dll
0x00007ff9c4620000 - 0x00007ff9c4632000 	D:\Java\jdk1.8\jre\bin\nio.dll
0x00007ff9cc240000 - 0x00007ff9cc257000 	C:\Windows\SYSTEM32\CRYPTSP.dll
0x00007ff9cbc70000 - 0x00007ff9cbca3000 	C:\Windows\system32\rsaenh.dll
0x00007ff9cc7c0000 - 0x00007ff9cc7e8000 	C:\Windows\SYSTEM32\USERENV.dll
0x00007ff9cc260000 - 0x00007ff9cc26b000 	C:\Windows\SYSTEM32\CRYPTBASE.dll
0x00007ff9c8060000 - 0x00007ff9c8076000 	C:\Windows\SYSTEM32\dhcpcsvc6.DLL
0x00007ff9c7fc0000 - 0x00007ff9c7fda000 	C:\Windows\SYSTEM32\dhcpcsvc.DLL
0x00007ff9c5710000 - 0x00007ff9c5726000 	C:\Windows\system32\napinsp.dll
0x00007ff9c5730000 - 0x00007ff9c574a000 	C:\Windows\system32\pnrpnsp.dll
0x00007ff9c88f0000 - 0x00007ff9c8909000 	C:\Windows\system32\NLAapi.dll
0x00007ff9c57b0000 - 0x00007ff9c57be000 	C:\Windows\System32\winrnr.dll
0x00007ff9c5750000 - 0x00007ff9c5765000 	C:\Windows\System32\wshbth.dll
0x0000000180000000 - 0x0000000180281000 	D:\Apache\apache-tomcat-7.0.92\bin\tcnative-1.dll
0x00007ff9cd620000 - 0x00007ff9cd802000 	C:\Windows\System32\CRYPT32.dll
0x00007ff9cc8f0000 - 0x00007ff9cc902000 	C:\Windows\System32\MSASN1.dll

VM Arguments:
jvm_args: -agentlib:jdwp=transport=dt_socket,address=127.0.0.1:64904,suspend=y,server=n -XX:TieredStopAtLevel=1 -Xverify:none -Dspring.output.ansi.enabled=always -Dcom.sun.management.jmxremote -Dspring.jmx.enabled=true -Dspring.liveBeansView.mbeanDomain -Dspring.application.admin.enabled=true -javaagent:C:\Users\1812280003\.IntelliJIdea2019.2\system\captureAgent\debugger-agent.jar -Dfile.encoding=UTF-8 
java_command: com.hp.daily.DailyApplication
java_class_path (initial): D:\Java\jdk1.8\jre\lib\charsets.jar;D:\Java\jdk1.8\jre\lib\deploy.jar;D:\Java\jdk1.8\jre\lib\ext\access-bridge-64.jar;D:\Java\jdk1.8\jre\lib\ext\cldrdata.jar;D:\Java\jdk1.8\jre\lib\ext\dnsns.jar;D:\Java\jdk1.8\jre\lib\ext\jaccess.jar;D:\Java\jdk1.8\jre\lib\ext\jfxrt.jar;D:\Java\jdk1.8\jre\lib\ext\localedata.jar;D:\Java\jdk1.8\jre\lib\ext\nashorn.jar;D:\Java\jdk1.8\jre\lib\ext\sunec.jar;D:\Java\jdk1.8\jre\lib\ext\sunjce_provider.jar;D:\Java\jdk1.8\jre\lib\ext\sunmscapi.jar;D:\Java\jdk1.8\jre\lib\ext\sunpkcs11.jar;D:\Java\jdk1.8\jre\lib\ext\zipfs.jar;D:\Java\jdk1.8\jre\lib\javaws.jar;D:\Java\jdk1.8\jre\lib\jce.jar;D:\Java\jdk1.8\jre\lib\jfr.jar;D:\Java\jdk1.8\jre\lib\jfxswt.jar;D:\Java\jdk1.8\jre\lib\jsse.jar;D:\Java\jdk1.8\jre\lib\management-agent.jar;D:\Java\jdk1.8\jre\lib\plugin.jar;D:\Java\jdk1.8\jre\lib\resources.jar;D:\Java\jdk1.8\jre\lib\rt.jar;C:\Users\1812280003\IdeaProjects\daily\target\classes;C:\Users\1812280003\.m2\repository\org\springframework\boot\spring-boot-starter-web\2.2.0.RELEASE\spring-boot-starter-web-2.2.0.RELEASE.jar;C:\Users\1812280003\.m2\repository\org\springframework\boot\spring-boot-starter\2.2.0.RELEASE\spring-boot-starter-2.2.0.RELEASE.jar;C:\Users\1812280003\.m2\repository\org\springframework\boot\spring-boot\2.2.0.RELEASE\spring-boot-2.2.0.RELEASE.jar;C:\Users\1812280003\.m2\repository\org\springframework\boot\spring-boot-autoconfigure\2.2.0.RELEASE\spring-boot-autoconfigure-2.2.0.RELEASE.jar;C:\Users\1812280003\.m2\repository\org\springframework\boot\spring-boot-starter-logging\2.2.0.RELEASE\spring-boot-starter-logging-2.2.0.RELEASE.jar;C:\Users\1812280003\.m2\repository\ch\qos\logback\logback-classic\1.2.3\logback-classic-1.2.3.jar;C:\Users\1812280003\.m2\repository\ch\qos\logback\logback-core\1.2.3\logback-core-1.2.3.jar;C:\Users\1812280003\.m2\repository\org\apache\logging\log4j\log4j-to-slf4j\2.12.1\log4j-to-slf4j-2.12.1.jar;C:\Users\1812280003\.m2\repository\org\apache\logging\log4j\log4j-api\2.12.1\
Launcher Type: SUN_STANDARD

Environment Variables:
JAVA_HOME=D:\Java\jdk1.7
CLASSPATH=.;D:\Java\jdk1.7\lib\dt.jar;D:\Java\jdk1.7\lib\tools.jar
PATH=C:\Windows\system32;C:\Windows;C:\Windows\System32\Wbem;C:\Windows\System32\WindowsPowerShell\v1.0\;C:\Windows\System32\OpenSSH\;D:\Java\jdk1.7\bin;D:\Java\jdk1.7\jre\bin;D:\Apache\apache-tomcat-7.0.92\lib;D:\Apache\apache-tomcat-7.0.92\bin;D:\TortoiseSVN\bin;D:\Apache\Maven\apache-maven-3.6.0\bin;D:\PLSQL\instantclient_11_2;C:\Users\1812280003\AppData\Local\Microsoft\WindowsApps;c:\program files\esafenet\cobra docguard client;C:\Users\1812280003\AppData\Local\BypassRuntm
USERNAME=1812280003
OS=Windows_NT
PROCESSOR_IDENTIFIER=Intel64 Family 6 Model 142 Stepping 10, GenuineIntel



---------------  S Y S T E M  ---------------

OS: Windows 10.0 , 64 bit Build 17134 (10.0.17134.706)

CPU:total 8 (initial active 8) (4 cores per cpu, 2 threads per core) family 6 model 142 stepping 10, cmov, cx8, fxsr, mmx, sse, sse2, sse3, ssse3, sse4.1, sse4.2, popcnt, avx, avx2, aes, clmul, erms, 3dnowpref, lzcnt, ht, tsc, tscinvbit, bmi1, bmi2, adx

Memory: 4k page, physical 16669312k(3462468k free), swap 18766464k(3104k free)

vm_info: Java HotSpot(TM) 64-Bit Server VM (25.231-b11) for windows-amd64 JRE (1.8.0_231-b11), built on Oct  5 2019 03:11:30 by "java_re" with MS VC++ 10.0 (VS2010)

time: Wed Nov 13 10:35:20 2019
timezone: 中国标准时间
elapsed time: 29 seconds (0d 0h 0m 29s)

