#
# There is insufficient memory for the Java Runtime Environment to continue.
# Native memory allocation (malloc) failed to allocate 2198688 bytes for Chunk::new
# Possible reasons:
#   The system is out of physical RAM or swap space
#   The process is running with CompressedOops enabled, and the Java Heap may be blocking the growth of the native heap
# Possible solutions:
#   Reduce memory load on the system
#   Increase physical memory or swap space
#   Check if swap backing store is full
#   Decrease Java heap size (-Xmx/-Xms)
#   Decrease number of Java threads
#   Decrease Java thread stack sizes (-Xss)
#   Set larger code cache with -XX:ReservedCodeCacheSize=
#   JVM is running with Zero Based Compressed Oops mode in which the Java heap is
#     placed in the first 32GB address space. The Java Heap base address is the
#     maximum limit for the native heap growth. Please use -XX:HeapBaseMinAddress
#     to set the Java Heap base and to place the Java Heap above 32GB virtual address.
# This output file may be truncated or incomplete.
#
#  Out of Memory Error (allocation.cpp:389), pid=278504, tid=0x00000000000589a4
#
# JRE version: Java(TM) SE Runtime Environment (8.0_231-b11) (build 1.8.0_231-b11)
# Java VM: Java HotSpot(TM) 64-Bit Server VM (25.231-b11 mixed mode windows-amd64 compressed oops)
# Failed to write core dump. Minidumps are not enabled by default on client versions of Windows
#

---------------  T H R E A D  ---------------

Current thread (0x000000001e38c000):  JavaThread "C2 CompilerThread1" daemon [_thread_in_native, id=362916, stack(0x000000001ecb0000,0x000000001edb0000)]

Stack: [0x000000001ecb0000,0x000000001edb0000]
[error occurred during error reporting (printing stack bounds), id 0xc0000005]

Native frames: (J=compiled Java code, j=interpreted, Vv=VM code, C=native code)


Current CompileTask:
C2:   7848 3918       4       java.net.URLClassLoader$1::run (5 bytes)


---------------  P R O C E S S  ---------------

Java Threads: ( => current thread )
  0x0000000022ad2800 JavaThread "mysql-cj-abandoned-connection-cleanup" daemon [_thread_blocked, id=291484, stack(0x00000000251a0000,0x00000000252a0000)]
  0x000000001e67a800 JavaThread "surefire-forkedjvm-ping-30s" daemon [_thread_in_native, id=376408, stack(0x000000001f2b0000,0x000000001f3b0000)]
  0x000000001e59f800 JavaThread "surefire-forkedjvm-command-thread" daemon [_thread_in_native, id=135160, stack(0x000000001f1b0000,0x000000001f2b0000)]
  0x000000001e479800 JavaThread "Service Thread" daemon [_thread_blocked, id=148792, stack(0x000000001efb0000,0x000000001f0b0000)]
  0x000000001e3e8000 JavaThread "C1 CompilerThread3" daemon [_thread_blocked, id=331264, stack(0x000000001eeb0000,0x000000001efb0000)]
  0x000000001e3e1800 JavaThread "C2 CompilerThread2" daemon [_thread_in_native, id=191996, stack(0x000000001edb0000,0x000000001eeb0000)]
=>0x000000001e38c000 JavaThread "C2 CompilerThread1" daemon [_thread_in_native, id=362916, stack(0x000000001ecb0000,0x000000001edb0000)]
  0x000000001e388000 JavaThread "C2 CompilerThread0" daemon [_thread_in_native, id=363760, stack(0x000000001ebb0000,0x000000001ecb0000)]
  0x000000001e3df800 JavaThread "Attach Listener" daemon [_thread_blocked, id=258612, stack(0x000000001eab0000,0x000000001ebb0000)]
  0x000000001c57e000 JavaThread "Signal Dispatcher" daemon [_thread_blocked, id=165016, stack(0x000000001e9b0000,0x000000001eab0000)]
  0x0000000002aec800 JavaThread "Finalizer" daemon [_thread_blocked, id=177932, stack(0x000000001e850000,0x000000001e950000)]
  0x000000001e370800 JavaThread "Reference Handler" daemon [_thread_blocked, id=48944, stack(0x000000001e750000,0x000000001e850000)]
  0x00000000029ee000 JavaThread "main" [_thread_in_native, id=249904, stack(0x00000000028c0000,0x00000000029c0000)]

Other Threads:
  0x000000001c56a000 VMThread [stack: 0x000000001e250000,0x000000001e350000] [id=92088]
  0x000000001e48c000 WatcherThread [stack: 0x000000001f0b0000,0x000000001f1b0000] [id=84344]

VM state:not at safepoint (normal execution)

VM Mutex/Monitor currently owned by a thread: None

heap address: 0x00000006c1a00000, size: 4070 MB, Compressed Oops mode: Zero based, Oop shift amount: 3
Narrow klass base: 0x0000000000000000, Narrow klass shift: 3
Compressed class space size: 1073741824 Address: 0x00000007c0000000

Heap:
 PSYoungGen      total 125440K, used 60474K [0x000000076b380000, 0x0000000773c80000, 0x00000007c0000000)
  eden space 118784K, 45% used [0x000000076b380000,0x000000076e8a0d58,0x0000000772780000)
  from space 6656K, 91% used [0x0000000773600000,0x0000000773bede20,0x0000000773c80000)
  to   space 10752K, 0% used [0x0000000772780000,0x0000000772780000,0x0000000773200000)
 ParOldGen       total 184832K, used 11794K [0x00000006c1a00000, 0x00000006cce80000, 0x000000076b380000)
  object space 184832K, 6% used [0x00000006c1a00000,0x00000006c25848c8,0x00000006cce80000)
 Metaspace       used 38523K, capacity 40922K, committed 41344K, reserved 1085440K
  class space    used 5212K, capacity 5645K, committed 5760K, reserved 1048576K

Card table byte_map: [0x0000000011eb0000,0x00000000126b0000] byte_map_base: 0x000000000e8a3000

Marking Bits: (ParMarkBitMap*) 0x000000006abf6d90
 Begin Bits: [0x0000000013400000, 0x0000000017398000)
 End Bits:   [0x0000000017398000, 0x000000001b330000)

Polling page: 0x0000000000710000

CodeCache: size=245760Kb used=14567Kb max_used=14592Kb free=231192Kb
 bounds [0x0000000002af0000, 0x0000000003940000, 0x0000000011af0000]
 total_blobs=4325 nmethods=3890 adapters=346
 compilation: enabled

Compilation events (10 events):
Event: 7.322 Thread 0x000000001e38c000 nmethod 3789 0x0000000002c2a8d0 code [0x0000000002c2aa00, 0x0000000002c2aa78]
Event: 7.339 Thread 0x000000001e38c000 3918       4       java.net.URLClassLoader$1::run (5 bytes)
Event: 7.373 Thread 0x000000001e3e8000 3920       3       java.security.Permission::<init> (10 bytes)
Event: 7.373 Thread 0x000000001e3e8000 nmethod 3920 0x0000000002c5a110 code [0x0000000002c5a260, 0x0000000002c5a430]
Event: 7.689 Thread 0x000000001e3e8000 3921       3       sun.reflect.annotation.AnnotationParser::skipMemberValue (11 bytes)
Event: 7.689 Thread 0x000000001e3e8000 nmethod 3921 0x0000000002c32410 code [0x0000000002c32580, 0x0000000002c327b8]
Event: 7.699 Thread 0x000000001e3e8000 3922       3       sun.reflect.annotation.AnnotationParser::contains (36 bytes)
Event: 7.699 Thread 0x000000001e3e8000 nmethod 3922 0x0000000002c09610 code [0x0000000002c09780, 0x0000000002c099d0]
Event: 7.718 Thread 0x000000001e3e8000 3923       1       java.nio.HeapByteBuffer::ix (7 bytes)
Event: 7.718 Thread 0x000000001e3e8000 nmethod 3923 0x0000000002c0e910 code [0x0000000002c0ea60, 0x0000000002c0eb70]

GC Heap History (10 events):
Event: 3.210 GC heap before
{Heap before GC invocations=4 (full 1):
 PSYoungGen      total 76288K, used 65536K [0x000000076b380000, 0x0000000770880000, 0x00000007c0000000)
  eden space 65536K, 100% used [0x000000076b380000,0x000000076f380000,0x000000076f380000)
  from space 10752K, 0% used [0x000000076fe00000,0x000000076fe00000,0x0000000770880000)
  to   space 10752K, 0% used [0x000000076f380000,0x000000076f380000,0x000000076fe00000)
 ParOldGen       total 115200K, used 9573K [0x00000006c1a00000, 0x00000006c8a80000, 0x000000076b380000)
  object space 115200K, 8% used [0x00000006c1a00000,0x00000006c2359768,0x00000006c8a80000)
 Metaspace       used 25784K, capacity 27334K, committed 27648K, reserved 1073152K
  class space    used 3440K, capacity 3765K, committed 3840K, reserved 1048576K
Event: 3.214 GC heap after
Heap after GC invocations=4 (full 1):
 PSYoungGen      total 76288K, used 8340K [0x000000076b380000, 0x0000000771f00000, 0x00000007c0000000)
  eden space 65536K, 0% used [0x000000076b380000,0x000000076b380000,0x000000076f380000)
  from space 10752K, 77% used [0x000000076f380000,0x000000076fba52b8,0x000000076fe00000)
  to   space 10752K, 0% used [0x0000000771480000,0x0000000771480000,0x0000000771f00000)
 ParOldGen       total 115200K, used 9581K [0x00000006c1a00000, 0x00000006c8a80000, 0x000000076b380000)
  object space 115200K, 8% used [0x00000006c1a00000,0x00000006c235b768,0x00000006c8a80000)
 Metaspace       used 25784K, capacity 27334K, committed 27648K, reserved 1073152K
  class space    used 3440K, capacity 3765K, committed 3840K, reserved 1048576K
}
Event: 4.356 GC heap before
{Heap before GC invocations=5 (full 1):
 PSYoungGen      total 76288K, used 73876K [0x000000076b380000, 0x0000000771f00000, 0x00000007c0000000)
  eden space 65536K, 100% used [0x000000076b380000,0x000000076f380000,0x000000076f380000)
  from space 10752K, 77% used [0x000000076f380000,0x000000076fba52b8,0x000000076fe00000)
  to   space 10752K, 0% used [0x0000000771480000,0x0000000771480000,0x0000000771f00000)
 ParOldGen       total 115200K, used 9581K [0x00000006c1a00000, 0x00000006c8a80000, 0x000000076b380000)
  object space 115200K, 8% used [0x00000006c1a00000,0x00000006c235b768,0x00000006c8a80000)
 Metaspace       used 30041K, capacity 31740K, committed 31872K, reserved 1077248K
  class space    used 4031K, capacity 4368K, committed 4480K, reserved 1048576K
Event: 4.363 GC heap after
Heap after GC invocations=5 (full 1):
 PSYoungGen      total 98304K, used 7901K [0x000000076b380000, 0x0000000771e80000, 0x00000007c0000000)
  eden space 88064K, 0% used [0x000000076b380000,0x000000076b380000,0x0000000770980000)
  from space 10240K, 77% used [0x0000000771480000,0x0000000771c37670,0x0000000771e80000)
  to   space 10752K, 0% used [0x0000000770980000,0x0000000770980000,0x0000000771400000)
 ParOldGen       total 115200K, used 9589K [0x00000006c1a00000, 0x00000006c8a80000, 0x000000076b380000)
  object space 115200K, 8% used [0x00000006c1a00000,0x00000006c235d768,0x00000006c8a80000)
 Metaspace       used 30041K, capacity 31740K, committed 31872K, reserved 1077248K
  class space    used 4031K, capacity 4368K, committed 4480K, reserved 1048576K
}
Event: 4.903 GC heap before
{Heap before GC invocations=6 (full 1):
 PSYoungGen      total 98304K, used 46041K [0x000000076b380000, 0x0000000771e80000, 0x00000007c0000000)
  eden space 88064K, 43% used [0x000000076b380000,0x000000076d8bf068,0x0000000770980000)
  from space 10240K, 77% used [0x0000000771480000,0x0000000771c37670,0x0000000771e80000)
  to   space 10752K, 0% used [0x0000000770980000,0x0000000770980000,0x0000000771400000)
 ParOldGen       total 115200K, used 9589K [0x00000006c1a00000, 0x00000006c8a80000, 0x000000076b380000)
  object space 115200K, 8% used [0x00000006c1a00000,0x00000006c235d768,0x00000006c8a80000)
 Metaspace       used 33631K, capacity 35286K, committed 35416K, reserved 1079296K
  class space    used 4439K, capacity 4755K, committed 4864K, reserved 1048576K
Event: 4.910 GC heap after
Heap after GC invocations=6 (full 1):
 PSYoungGen      total 98816K, used 6757K [0x000000076b380000, 0x0000000774080000, 0x00000007c0000000)
  eden space 88064K, 0% used [0x000000076b380000,0x000000076b380000,0x0000000770980000)
  from space 10752K, 62% used [0x0000000770980000,0x0000000771019798,0x0000000771400000)
  to   space 10752K, 0% used [0x0000000773600000,0x0000000773600000,0x0000000774080000)
 ParOldGen       total 115200K, used 9661K [0x00000006c1a00000, 0x00000006c8a80000, 0x000000076b380000)
  object space 115200K, 8% used [0x00000006c1a00000,0x00000006c236f778,0x00000006c8a80000)
 Metaspace       used 33631K, capacity 35286K, committed 35416K, reserved 1079296K
  class space    used 4439K, capacity 4755K, committed 4864K, reserved 1048576K
}
Event: 4.910 GC heap before
{Heap before GC invocations=7 (full 2):
 PSYoungGen      total 98816K, used 6757K [0x000000076b380000, 0x0000000774080000, 0x00000007c0000000)
  eden space 88064K, 0% used [0x000000076b380000,0x000000076b380000,0x0000000770980000)
  from space 10752K, 62% used [0x0000000770980000,0x0000000771019798,0x0000000771400000)
  to   space 10752K, 0% used [0x0000000773600000,0x0000000773600000,0x0000000774080000)
 ParOldGen       total 115200K, used 9661K [0x00000006c1a00000, 0x00000006c8a80000, 0x000000076b380000)
  object space 115200K, 8% used [0x00000006c1a00000,0x00000006c236f778,0x00000006c8a80000)
 Metaspace       used 33631K, capacity 35286K, committed 35416K, reserved 1079296K
  class space    used 4439K, capacity 4755K, committed 4864K, reserved 1048576K
Event: 4.951 GC heap after
Heap after GC invocations=7 (full 2):
 PSYoungGen      total 98816K, used 0K [0x000000076b380000, 0x0000000774080000, 0x00000007c0000000)
  eden space 88064K, 0% used [0x000000076b380000,0x000000076b380000,0x0000000770980000)
  from space 10752K, 0% used [0x0000000770980000,0x0000000770980000,0x0000000771400000)
  to   space 10752K, 0% used [0x0000000773600000,0x0000000773600000,0x0000000774080000)
 ParOldGen       total 184832K, used 11786K [0x00000006c1a00000, 0x00000006cce80000, 0x000000076b380000)
  object space 184832K, 6% used [0x00000006c1a00000,0x00000006c25828c8,0x00000006cce80000)
 Metaspace       used 33631K, capacity 35286K, committed 35416K, reserved 1079296K
  class space    used 4439K, capacity 4755K, committed 4864K, reserved 1048576K
}
Event: 6.666 GC heap before
{Heap before GC invocations=8 (full 2):
 PSYoungGen      total 98816K, used 88064K [0x000000076b380000, 0x0000000774080000, 0x00000007c0000000)
  eden space 88064K, 100% used [0x000000076b380000,0x0000000770980000,0x0000000770980000)
  from space 10752K, 0% used [0x0000000770980000,0x0000000770980000,0x0000000771400000)
  to   space 10752K, 0% used [0x0000000773600000,0x0000000773600000,0x0000000774080000)
 ParOldGen       total 184832K, used 11786K [0x00000006c1a00000, 0x00000006cce80000, 0x000000076b380000)
  object space 184832K, 6% used [0x00000006c1a00000,0x00000006c25828c8,0x00000006cce80000)
 Metaspace       used 35895K, capacity 38278K, committed 38528K, reserved 1083392K
  class space    used 4773K, capacity 5189K, committed 5248K, reserved 1048576K
Event: 6.674 GC heap after
Heap after GC invocations=8 (full 2):
 PSYoungGen      total 125440K, used 6071K [0x000000076b380000, 0x0000000773c80000, 0x00000007c0000000)
  eden space 118784K, 0% used [0x000000076b380000,0x000000076b380000,0x0000000772780000)
  from space 6656K, 91% used [0x0000000773600000,0x0000000773bede20,0x0000000773c80000)
  to   space 10752K, 0% used [0x0000000772780000,0x0000000772780000,0x0000000773200000)
 ParOldGen       total 184832K, used 11794K [0x00000006c1a00000, 0x00000006cce80000, 0x000000076b380000)
  object space 184832K, 6% used [0x00000006c1a00000,0x00000006c25848c8,0x00000006cce80000)
 Metaspace       used 35895K, capacity 38278K, committed 38528K, reserved 1083392K
  class space    used 4773K, capacity 5189K, committed 5248K, reserved 1048576K
}

Deoptimization events (10 events):
Event: 5.513 Thread 0x00000000029ee000 Uncommon trap: reason=unstable_if action=reinterpret pc=0x00000000036e4bb4 method=org.springframework.beans.factory.support.AbstractBeanFactory.isTypeMatch(Ljava/lang/String;Lorg/springframework/core/ResolvableType;Z)Z @ 559
Event: 5.655 Thread 0x00000000029ee000 Uncommon trap: reason=unstable_if action=reinterpret pc=0x0000000002f8966c method=java.util.concurrent.ConcurrentHashMap.transfer([Ljava/util/concurrent/ConcurrentHashMap$Node;[Ljava/util/concurrent/ConcurrentHashMap$Node;)V @ 356
Event: 5.657 Thread 0x00000000029ee000 Uncommon trap: reason=unstable_if action=reinterpret pc=0x0000000002f823d4 method=java.util.concurrent.ConcurrentHashMap.transfer([Ljava/util/concurrent/ConcurrentHashMap$Node;[Ljava/util/concurrent/ConcurrentHashMap$Node;)V @ 356
Event: 6.029 Thread 0x00000000029ee000 Uncommon trap: reason=unstable_if action=reinterpret pc=0x00000000036ae048 method=org.springframework.core.annotation.AnnotationsScanner.isWithoutHierarchy(Ljava/lang/reflect/AnnotatedElement;Lorg/springframework/core/annotation/MergedAnnotations$SearchSt
Event: 6.539 Thread 0x00000000029ee000 Uncommon trap: reason=null_check action=make_not_entrant pc=0x00000000032d36f0 method=org.springframework.util.ClassUtils.isAssignable(Ljava/lang/Class;Ljava/lang/Class;)Z @ 14
Event: 7.151 Thread 0x00000000029ee000 Uncommon trap: reason=unstable_if action=reinterpret pc=0x000000000389c50c method=java.lang.Class.privateGetMethodRecursive(Ljava/lang/String;[Ljava/lang/Class;ZLjava/lang/Class$MethodArray;)Ljava/lang/reflect/Method; @ 28
Event: 7.151 Thread 0x00000000029ee000 Uncommon trap: reason=unstable_if action=reinterpret pc=0x00000000038e7028 method=java.lang.Class.privateGetMethodRecursive(Ljava/lang/String;[Ljava/lang/Class;ZLjava/lang/Class$MethodArray;)Ljava/lang/reflect/Method; @ 28
Event: 7.232 Thread 0x00000000029ee000 Uncommon trap: reason=unstable_if action=reinterpret pc=0x00000000036b4a58 method=org.springframework.util.ConcurrentReferenceHashMap$Segment.clear()V @ 7
Event: 7.285 Thread 0x00000000029ee000 Uncommon trap: reason=unstable_if action=reinterpret pc=0x0000000003294dd4 method=java.util.LinkedHashMap.get(Ljava/lang/Object;)Ljava/lang/Object; @ 20
Event: 7.357 Thread 0x00000000029ee000 Uncommon trap: reason=predicate action=maybe_recompile pc=0x0000000002efea30 method=java.lang.String.regionMatches(ZILjava/lang/String;II)Z @ 63

Classes redefined (0 events):
No events

Internal exceptions (10 events):
Event: 7.203 Thread 0x00000000029ee000 Exception <a 'java/lang/ClassNotFoundException': org/springframework/core/env/EnvironmentCapableCustomizer> (0x000000076d0330a0) thrown at [C:\re\workspace\8-2-build-windows-amd64-cygwin\jdk8u231\13620\hotspot\src\share\vm\classfile\systemDictionary.cpp, 
Event: 7.203 Thread 0x00000000029ee000 Exception <a 'java/lang/ClassNotFoundException': org/springframework/web/context/ServletContextAwareCustomizer> (0x000000076d04e808) thrown at [C:\re\workspace\8-2-build-windows-amd64-cygwin\jdk8u231\13620\hotspot\src\share\vm\classfile\systemDictionary.c
Event: 7.205 Thread 0x00000000029ee000 Exception <a 'java/lang/ClassNotFoundException': org/springframework/beans/factory/AwareCustomizer> (0x000000076d066118) thrown at [C:\re\workspace\8-2-build-windows-amd64-cygwin\jdk8u231\13620\hotspot\src\share\vm\classfile\systemDictionary.cpp, line 210
Event: 7.207 Thread 0x00000000029ee000 Exception <a 'java/lang/ClassNotFoundException': org/springframework/beans/factory/InitializingBeanCustomizer> (0x000000076d07fe18) thrown at [C:\re\workspace\8-2-build-windows-amd64-cygwin\jdk8u231\13620\hotspot\src\share\vm\classfile\systemDictionary.cp
Event: 7.209 Thread 0x00000000029ee000 Exception <a 'java/lang/ClassNotFoundException': org/springframework/beans/factory/DisposableBeanCustomizer> (0x000000076d099268) thrown at [C:\re\workspace\8-2-build-windows-amd64-cygwin\jdk8u231\13620\hotspot\src\share\vm\classfile\systemDictionary.cpp,
Event: 7.211 Thread 0x00000000029ee000 Exception <a 'java/lang/ClassNotFoundException': java/lang/ObjectCustomizer> (0x000000076d0c03b8) thrown at [C:\re\workspace\8-2-build-windows-amd64-cygwin\jdk8u231\13620\hotspot\src\share\vm\classfile\systemDictionary.cpp, line 210]
Event: 7.212 Thread 0x00000000029ee000 Exception <a 'java/lang/ClassNotFoundException': org/springframework/web/multipart/support/StandardServletMultipartResolverCustomizer> (0x000000076d0e4480) thrown at [C:\re\workspace\8-2-build-windows-amd64-cygwin\jdk8u231\13620\hotspot\src\share\vm\class
Event: 7.214 Thread 0x00000000029ee000 Exception <a 'java/lang/ClassNotFoundException': org/springframework/web/multipart/MultipartResolverCustomizer> (0x000000076d103cc0) thrown at [C:\re\workspace\8-2-build-windows-amd64-cygwin\jdk8u231\13620\hotspot\src\share\vm\classfile\systemDictionary.c
Event: 7.287 Thread 0x00000000029ee000 Exception <a 'java/lang/ClassNotFoundException': java/lang/ObjectCustomizer> (0x000000076d386368) thrown at [C:\re\workspace\8-2-build-windows-amd64-cygwin\jdk8u231\13620\hotspot\src\share\vm\classfile\systemDictionary.cpp, line 210]
Event: 7.289 Thread 0x00000000029ee000 Exception <a 'java/lang/ClassNotFoundException': com/hp/daily/DailyApplicationTestsCustomizer> (0x000000076d39e778) thrown at [C:\re\workspace\8-2-build-windows-amd64-cygwin\jdk8u231\13620\hotspot\src\share\vm\classfile\systemDictionary.cpp, line 210]

Events (10 events):
Event: 7.837 loading class org/mockito/Mock
Event: 7.837 loading class org/mockito/Mock done
Event: 7.838 loading class org/mockito/internal/configuration/MockAnnotationProcessor
Event: 7.838 loading class org/mockito/internal/configuration/MockAnnotationProcessor done
Event: 7.838 loading class org/mockito/Captor
Event: 7.838 loading class org/mockito/Captor done
Event: 7.839 loading class org/mockito/internal/configuration/CaptorAnnotationProcessor
Event: 7.839 loading class org/mockito/internal/configuration/CaptorAnnotationProcessor done
Event: 7.840 loading class org/mockito/internal/configuration/SpyAnnotationEngine
Event: 7.840 loading class org/mockito/internal/configuration/SpyAnnotationEngine done


Dynamic libraries:
0x00007ff6da580000 - 0x00007ff6da5b7000 	D:\Java\jdk1.8\jre\bin\java.exe
0x00007ff9d0580000 - 0x00007ff9d0761000 	C:\Windows\SYSTEM32\ntdll.dll
0x00007ff9cfe70000 - 0x00007ff9cff21000 	C:\Windows\System32\KERNEL32.DLL
0x00007ff9ccba0000 - 0x00007ff9cce13000 	C:\Windows\System32\KERNELBASE.dll
0x00007ff9cfd50000 - 0x00007ff9cfdf1000 	C:\Windows\System32\ADVAPI32.DLL
0x00007ff9d0480000 - 0x00007ff9d051e000 	C:\Windows\System32\msvcrt.dll
0x00007ff9cfe10000 - 0x00007ff9cfe6b000 	C:\Windows\System32\sechost.dll
0x00007ff9cff30000 - 0x00007ff9d0054000 	C:\Windows\System32\RPCRT4.dll
0x00007ff9cfbc0000 - 0x00007ff9cfd50000 	C:\Windows\System32\USER32.dll
0x00007ff9cc950000 - 0x00007ff9cc970000 	C:\Windows\System32\win32u.dll
0x00007ff9d0520000 - 0x00007ff9d0548000 	C:\Windows\System32\GDI32.dll
0x00007ff9cd810000 - 0x00007ff9cd9a2000 	C:\Windows\System32\gdi32full.dll
0x00007ff9cce20000 - 0x00007ff9ccebf000 	C:\Windows\System32\msvcp_win.dll
0x00007ff9ccaa0000 - 0x00007ff9ccb98000 	C:\Windows\System32\ucrtbase.dll
0x00007ff9c36f0000 - 0x00007ff9c3959000 	C:\Windows\WinSxS\amd64_microsoft.windows.common-controls_6595b64144ccf1df_6.0.17134.706_none_fb43a2cb30647007\COMCTL32.dll
0x00007ff9d0060000 - 0x00007ff9d0382000 	C:\Windows\System32\combase.dll
0x00007ff9cc970000 - 0x00007ff9cc9ea000 	C:\Windows\System32\bcryptPrimitives.dll
0x00007ff9cda70000 - 0x00007ff9cda9d000 	C:\Windows\System32\IMM32.DLL
0x000000006ae00000 - 0x000000006aed2000 	D:\Java\jdk1.8\jre\bin\msvcr100.dll
0x000000006a3d0000 - 0x000000006ac76000 	D:\Java\jdk1.8\jre\bin\server\jvm.dll
0x00007ff9cfe00000 - 0x00007ff9cfe08000 	C:\Windows\System32\PSAPI.DLL
0x00007ff9c2330000 - 0x00007ff9c2339000 	C:\Windows\SYSTEM32\WSOCK32.dll
0x00007ff9cf960000 - 0x00007ff9cf9cc000 	C:\Windows\System32\WS2_32.dll
0x00007ff9c5700000 - 0x00007ff9c570a000 	C:\Windows\SYSTEM32\VERSION.dll
0x00007ff9b5ef0000 - 0x00007ff9b5f13000 	C:\Windows\SYSTEM32\WINMM.dll
0x00007ff9b5ce0000 - 0x00007ff9b5d0a000 	C:\Windows\SYSTEM32\winmmbase.dll
0x00007ff9cd5d0000 - 0x00007ff9cd619000 	C:\Windows\System32\cfgmgr32.dll
0x00007ff9c6de0000 - 0x00007ff9c6def000 	D:\Java\jdk1.8\jre\bin\verify.dll
0x00007ff9bb100000 - 0x00007ff9bb129000 	D:\Java\jdk1.8\jre\bin\java.dll
0x00007ff9c6520000 - 0x00007ff9c6536000 	D:\Java\jdk1.8\jre\bin\zip.dll
0x00007ff9ce520000 - 0x00007ff9cf960000 	C:\Windows\System32\SHELL32.dll
0x00007ff9ce050000 - 0x00007ff9ce0f9000 	C:\Windows\System32\shcore.dll
0x00007ff9ccec0000 - 0x00007ff9cd5cd000 	C:\Windows\System32\windows.storage.dll
0x00007ff9cda10000 - 0x00007ff9cda61000 	C:\Windows\System32\shlwapi.dll
0x00007ff9cc930000 - 0x00007ff9cc941000 	C:\Windows\System32\kernel.appcore.dll
0x00007ff9cc910000 - 0x00007ff9cc92f000 	C:\Windows\System32\profapi.dll
0x00007ff9cc8a0000 - 0x00007ff9cc8ec000 	C:\Windows\System32\powrprof.dll
0x00007ff9cc890000 - 0x00007ff9cc89a000 	C:\Windows\System32\FLTLIB.DLL
0x00007ff9c6dd0000 - 0x00007ff9c6ddd000 	D:\Java\jdk1.8\jre\bin\management.dll
0x00007ff9c5960000 - 0x00007ff9c597a000 	D:\Java\jdk1.8\jre\bin\net.dll
0x00007ff9cc090000 - 0x00007ff9cc0f6000 	C:\Windows\system32\mswsock.dll
0x00007ff9c4b30000 - 0x00007ff9c4b42000 	D:\Java\jdk1.8\jre\bin\nio.dll
0x00007ff9c5710000 - 0x00007ff9c5726000 	C:\Windows\system32\napinsp.dll
0x00007ff9c5730000 - 0x00007ff9c574a000 	C:\Windows\system32\pnrpnsp.dll
0x00007ff9c88f0000 - 0x00007ff9c8909000 	C:\Windows\system32\NLAapi.dll
0x00007ff9cbe50000 - 0x00007ff9cbf0e000 	C:\Windows\SYSTEM32\DNSAPI.dll
0x00007ff9cfb20000 - 0x00007ff9cfb28000 	C:\Windows\System32\NSI.dll
0x00007ff9cbe10000 - 0x00007ff9cbe48000 	C:\Windows\SYSTEM32\IPHLPAPI.DLL
0x00007ff9c57b0000 - 0x00007ff9c57be000 	C:\Windows\System32\winrnr.dll
0x00007ff9c5750000 - 0x00007ff9c5765000 	C:\Windows\System32\wshbth.dll
0x00007ff9c5e50000 - 0x00007ff9c5e5a000 	C:\Windows\SYSTEM32\rasadhlp.dll
0x00007ff9c84e0000 - 0x00007ff9c8552000 	C:\Windows\System32\fwpuclnt.dll
0x00007ff9cc370000 - 0x00007ff9cc395000 	C:\Windows\SYSTEM32\bcrypt.dll
0x0000000180000000 - 0x0000000180281000 	D:\Apache\apache-tomcat-7.0.92\bin\tcnative-1.dll
0x00007ff9cd620000 - 0x00007ff9cd802000 	C:\Windows\System32\CRYPT32.dll
0x00007ff9cc8f0000 - 0x00007ff9cc902000 	C:\Windows\System32\MSASN1.dll

VM Arguments:
java_command: C:\Users\181228~1\AppData\Local\Temp\surefire1459669358737568951\surefirebooter844528288751094154.jar C:\Users\1812280003\AppData\Local\Temp\surefire1459669358737568951 2019-11-12T15-34-09_559-jvmRun1 surefire1590391298011530600tmp surefire_03642893954508949101tmp
java_class_path (initial): C:\Users\181228~1\AppData\Local\Temp\surefire1459669358737568951\surefirebooter844528288751094154.jar
Launcher Type: SUN_STANDARD

Environment Variables:
JAVA_HOME=D:\Java\jdk1.7
CLASSPATH=.;D:\Java\jdk1.7\lib\dt.jar;D:\Java\jdk1.7\lib\tools.jar
PATH=C:\Windows\system32;C:\Windows;C:\Windows\System32\Wbem;C:\Windows\System32\WindowsPowerShell\v1.0\;C:\Windows\System32\OpenSSH\;D:\Java\jdk1.7\bin;D:\Java\jdk1.7\jre\bin;D:\Apache\apache-tomcat-7.0.92\lib;D:\Apache\apache-tomcat-7.0.92\bin;D:\TortoiseSVN\bin;D:\Apache\Maven\apache-maven-3.6.0\bin;D:\PLSQL\instantclient_11_2;C:\Users\1812280003\AppData\Local\Microsoft\WindowsApps;c:\program files\esafenet\cobra docguard client;C:\Users\1812280003\AppData\Local\BypassRuntm
USERNAME=1812280003
OS=Windows_NT
PROCESSOR_IDENTIFIER=Intel64 Family 6 Model 142 Stepping 10, GenuineIntel



---------------  S Y S T E M  ---------------

OS: Windows 10.0 , 64 bit Build 17134 (10.0.17134.706)

CPU:total 8 (initial active 8) (4 cores per cpu, 2 threads per core) family 6 model 142 stepping 10, cmov, cx8, fxsr, mmx, sse, sse2, sse3, ssse3, sse4.1, sse4.2, popcnt, avx, avx2, aes, clmul, erms, 3dnowpref, lzcnt, ht, tsc, tscinvbit, bmi1, bmi2, adx

Memory: 4k page, physical 16669312k(4019736k free), swap 18766464k(6044k free)

vm_info: Java HotSpot(TM) 64-Bit Server VM (25.231-b11) for windows-amd64 JRE (1.8.0_231-b11), built on Oct  5 2019 03:11:30 by "java_re" with MS VC++ 10.0 (VS2010)

time: Tue Nov 12 15:34:18 2019
timezone: 中国标准时间
elapsed time: 7 seconds (0d 0h 0m 7s)

