#
# There is insufficient memory for the Java Runtime Environment to continue.
# Native memory allocation (malloc) failed to allocate 1048576 bytes for AllocateHeap
# Possible reasons:
#   The system is out of physical RAM or swap space
#   The process is running with CompressedOops enabled, and the Java Heap may be blocking the growth of the native heap
# Possible solutions:
#   Reduce memory load on the system
#   Increase physical memory or swap space
#   Check if swap backing store is full
#   Decrease Java heap size (-Xmx/-Xms)
#   Decrease number of Java threads
#   Decrease Java thread stack sizes (-Xss)
#   Set larger code cache with -XX:ReservedCodeCacheSize=
#   JVM is running with Zero Based Compressed Oops mode in which the Java heap is
#     placed in the first 32GB address space. The Java Heap base address is the
#     maximum limit for the native heap growth. Please use -XX:HeapBaseMinAddress
#     to set the Java Heap base and to place the Java Heap above 32GB virtual address.
# This output file may be truncated or incomplete.
#
#  Out of Memory Error (memory/allocation.inline.hpp:61), pid=316756, tid=0x0000000000032018
#
# JRE version:  (8.0_231-b11) (build )
# Java VM: Java HotSpot(TM) 64-Bit Server VM (25.231-b11 mixed mode windows-amd64 compressed oops)
# Failed to write core dump. Minidumps are not enabled by default on client versions of Windows
#

---------------  T H R E A D  ---------------

Current thread (0x00000000034b6000):  JavaThread "Unknown thread" [_thread_in_vm, id=204824, stack(0x0000000003200000,0x0000000003300000)]

Stack: [0x0000000003200000,0x0000000003300000]
[error occurred during error reporting (printing stack bounds), id 0xc0000005]

Native frames: (J=compiled Java code, j=interpreted, Vv=VM code, C=native code)


---------------  P R O C E S S  ---------------

Java Threads: ( => current thread )

Other Threads:

=>0x00000000034b6000 (exited) JavaThread "Unknown thread" [_thread_in_vm, id=204824, stack(0x0000000003200000,0x0000000003300000)]

VM state:not at safepoint (normal execution)

VM Mutex/Monitor currently owned by a thread: None

heap address: 0x00000006c1a00000, size: 4070 MB, Compressed Oops mode: Zero based, Oop shift amount: 3
Narrow klass base: 0x0000000000000000, Narrow klass shift: 3
Compressed class space size: 1073741824 Address: 0x00000007c0000000

Heap:
 PSYoungGen      total 76288K, used 1310K [0x000000076b380000, 0x0000000770880000, 0x00000007c0000000)
  eden space 65536K, 2% used [0x000000076b380000,0x000000076b4c7af0,0x000000076f380000)
  from space 10752K, 0% used [0x000000076fe00000,0x000000076fe00000,0x0000000770880000)
  to   space 10752K, 0% used [0x000000076f380000,0x000000076f380000,0x000000076fe00000)
 ParOldGen       total 175104K, used 0K [0x00000006c1a00000, 0x00000006cc500000, 0x000000076b380000)
  object space 175104K, 0% used [0x00000006c1a00000,0x00000006c1a00000,0x00000006cc500000)
 Metaspace       used 787K, capacity 4480K, committed 4480K, reserved 1056768K
  class space    used 76K, capacity 384K, committed 384K, reserved 1048576K

Card table byte_map: [0x0000000012970000,0x0000000013170000] byte_map_base: 0x000000000f363000

Marking Bits: (ParMarkBitMap*) 0x0000000066e96d90
 Begin Bits: [0x0000000013ec0000, 0x0000000017e58000)
 End Bits:   [0x0000000017e58000, 0x000000001bdf0000)

Polling page: 0x0000000002e30000

CodeCache: size=245760Kb used=328Kb max_used=328Kb free=245431Kb
 bounds [0x00000000035b0000, 0x0000000003820000, 0x00000000125b0000]
 total_blobs=58 nmethods=0 adapters=38
 compilation: enabled

Compilation events (0 events):
No events

GC Heap History (0 events):
No events

Deoptimization events (0 events):
No events

Classes redefined (0 events):
No events

Internal exceptions (0 events):
No events

Events (10 events):
Event: 0.083 loading class java/lang/Short
Event: 0.083 loading class java/lang/Short done
Event: 0.083 loading class java/lang/Integer
Event: 0.083 loading class java/lang/Integer done
Event: 0.083 loading class java/lang/Long
Event: 0.083 loading class java/lang/Long done
Event: 0.084 loading class java/lang/NullPointerException
Event: 0.084 loading class java/lang/NullPointerException done
Event: 0.084 loading class java/lang/ArithmeticException
Event: 0.084 loading class java/lang/ArithmeticException done


Dynamic libraries:
0x00007ff694640000 - 0x00007ff694677000 	D:\Java\jdk1.8\bin\java.exe
0x00007ffe9abc0000 - 0x00007ffe9ada1000 	C:\Windows\SYSTEM32\ntdll.dll
0x00007ffe982b0000 - 0x00007ffe98361000 	C:\Windows\System32\KERNEL32.DLL
0x00007ffe97890000 - 0x00007ffe97b03000 	C:\Windows\System32\KERNELBASE.dll
0x00007ffe980e0000 - 0x00007ffe98181000 	C:\Windows\System32\ADVAPI32.DLL
0x00007ffe99ef0000 - 0x00007ffe99f8e000 	C:\Windows\System32\msvcrt.dll
0x00007ffe9a860000 - 0x00007ffe9a8bb000 	C:\Windows\System32\sechost.dll
0x00007ffe9a0c0000 - 0x00007ffe9a1e4000 	C:\Windows\System32\RPCRT4.dll
0x00007ffe9a6d0000 - 0x00007ffe9a860000 	C:\Windows\System32\USER32.dll
0x00007ffe97b10000 - 0x00007ffe97b30000 	C:\Windows\System32\win32u.dll
0x00007ffe9a640000 - 0x00007ffe9a668000 	C:\Windows\System32\GDI32.dll
0x00007ffe976a0000 - 0x00007ffe97832000 	C:\Windows\System32\gdi32full.dll
0x00007ffe97f50000 - 0x00007ffe97fef000 	C:\Windows\System32\msvcp_win.dll
0x00007ffe97c60000 - 0x00007ffe97d58000 	C:\Windows\System32\ucrtbase.dll
0x00007ffe88080000 - 0x00007ffe882e9000 	C:\Windows\WinSxS\amd64_microsoft.windows.common-controls_6595b64144ccf1df_6.0.17134.706_none_fb43a2cb30647007\COMCTL32.dll
0x00007ffe984a0000 - 0x00007ffe987c2000 	C:\Windows\System32\combase.dll
0x00007ffe97be0000 - 0x00007ffe97c5a000 	C:\Windows\System32\bcryptPrimitives.dll
0x00007ffe98370000 - 0x00007ffe9839d000 	C:\Windows\System32\IMM32.DLL
0x0000000068760000 - 0x0000000068832000 	D:\Java\jdk1.8\jre\bin\msvcr100.dll
0x0000000066670000 - 0x0000000066f16000 	D:\Java\jdk1.8\jre\bin\server\jvm.dll
0x00007ffe98050000 - 0x00007ffe98058000 	C:\Windows\System32\PSAPI.DLL
0x00007ffe84380000 - 0x00007ffe84389000 	C:\Windows\SYSTEM32\WSOCK32.dll
0x00007ffe9aa60000 - 0x00007ffe9aacc000 	C:\Windows\System32\WS2_32.dll
0x00007ffe8ee00000 - 0x00007ffe8ee0a000 	C:\Windows\SYSTEM32\VERSION.dll
0x00007ffe951b0000 - 0x00007ffe951d3000 	C:\Windows\SYSTEM32\WINMM.dll
0x00007ffe95180000 - 0x00007ffe951aa000 	C:\Windows\SYSTEM32\WINMMBASE.dll
0x00007ffe97840000 - 0x00007ffe97889000 	C:\Windows\System32\cfgmgr32.dll
0x00007ffe91e80000 - 0x00007ffe91e8f000 	D:\Java\jdk1.8\jre\bin\verify.dll
0x00007ffe86200000 - 0x00007ffe86229000 	D:\Java\jdk1.8\jre\bin\java.dll
0x00007ffe85d00000 - 0x00007ffe85d35000 	D:\Java\jdk1.8\jre\bin\jdwp.dll
0x00007ffe8f240000 - 0x00007ffe8f248000 	D:\Java\jdk1.8\jre\bin\npt.dll
0x00007ffe85e60000 - 0x00007ffe85e83000 	D:\Java\jdk1.8\jre\bin\instrument.dll
0x00007ffe861a0000 - 0x00007ffe861b6000 	D:\Java\jdk1.8\jre\bin\zip.dll

VM Arguments:
jvm_args: -agentlib:jdwp=transport=dt_socket,address=127.0.0.1:60931,suspend=y,server=n -XX:TieredStopAtLevel=1 -Xverify:none -Dspring.output.ansi.enabled=always -Dcom.sun.management.jmxremote -Dspring.jmx.enabled=true -Dspring.liveBeansView.mbeanDomain -Dspring.application.admin.enabled=true -javaagent:C:\Users\1812280003\.IntelliJIdea2019.2\system\captureAgent\debugger-agent.jar -Dfile.encoding=UTF-8 
java_command: com.hp.daily.DailyApplication
java_class_path (initial): D:\Java\jdk1.8\jre\lib\charsets.jar;D:\Java\jdk1.8\jre\lib\deploy.jar;D:\Java\jdk1.8\jre\lib\ext\access-bridge-64.jar;D:\Java\jdk1.8\jre\lib\ext\cldrdata.jar;D:\Java\jdk1.8\jre\lib\ext\dnsns.jar;D:\Java\jdk1.8\jre\lib\ext\jaccess.jar;D:\Java\jdk1.8\jre\lib\ext\jfxrt.jar;D:\Java\jdk1.8\jre\lib\ext\localedata.jar;D:\Java\jdk1.8\jre\lib\ext\nashorn.jar;D:\Java\jdk1.8\jre\lib\ext\sunec.jar;D:\Java\jdk1.8\jre\lib\ext\sunjce_provider.jar;D:\Java\jdk1.8\jre\lib\ext\sunmscapi.jar;D:\Java\jdk1.8\jre\lib\ext\sunpkcs11.jar;D:\Java\jdk1.8\jre\lib\ext\zipfs.jar;D:\Java\jdk1.8\jre\lib\javaws.jar;D:\Java\jdk1.8\jre\lib\jce.jar;D:\Java\jdk1.8\jre\lib\jfr.jar;D:\Java\jdk1.8\jre\lib\jfxswt.jar;D:\Java\jdk1.8\jre\lib\jsse.jar;D:\Java\jdk1.8\jre\lib\management-agent.jar;D:\Java\jdk1.8\jre\lib\plugin.jar;D:\Java\jdk1.8\jre\lib\resources.jar;D:\Java\jdk1.8\jre\lib\rt.jar;C:\Users\1812280003\IdeaProjects\daily\target\classes;C:\Users\1812280003\.m2\repository\org\springframework\boot\spring-boot-starter-web\2.2.0.RELEASE\spring-boot-starter-web-2.2.0.RELEASE.jar;C:\Users\1812280003\.m2\repository\org\springframework\boot\spring-boot-starter\2.2.0.RELEASE\spring-boot-starter-2.2.0.RELEASE.jar;C:\Users\1812280003\.m2\repository\org\springframework\boot\spring-boot\2.2.0.RELEASE\spring-boot-2.2.0.RELEASE.jar;C:\Users\1812280003\.m2\repository\org\springframework\boot\spring-boot-autoconfigure\2.2.0.RELEASE\spring-boot-autoconfigure-2.2.0.RELEASE.jar;C:\Users\1812280003\.m2\repository\org\springframework\boot\spring-boot-starter-logging\2.2.0.RELEASE\spring-boot-starter-logging-2.2.0.RELEASE.jar;C:\Users\1812280003\.m2\repository\ch\qos\logback\logback-classic\1.2.3\logback-classic-1.2.3.jar;C:\Users\1812280003\.m2\repository\ch\qos\logback\logback-core\1.2.3\logback-core-1.2.3.jar;C:\Users\1812280003\.m2\repository\org\apache\logging\log4j\log4j-to-slf4j\2.12.1\log4j-to-slf4j-2.12.1.jar;C:\Users\1812280003\.m2\repository\org\apache\logging\log4j\log4j-api\2.12.1\
Launcher Type: SUN_STANDARD

Environment Variables:
JAVA_HOME=D:\Java\jdk1.7
CLASSPATH=.;D:\Java\jdk1.7\lib\dt.jar;D:\Java\jdk1.7\lib\tools.jar
PATH=C:\Windows\system32;C:\Windows;C:\Windows\System32\Wbem;C:\Windows\System32\WindowsPowerShell\v1.0\;C:\Windows\System32\OpenSSH\;D:\Java\jdk1.7\bin;D:\Java\jdk1.7\jre\bin;D:\Apache\apache-tomcat-7.0.92\lib;D:\Apache\apache-tomcat-7.0.92\bin;D:\TortoiseSVN\bin;D:\Apache\Maven\apache-maven-3.6.0\bin;D:\PLSQL\instantclient_11_2;C:\Users\1812280003\AppData\Local\Microsoft\WindowsApps;c:\program files\esafenet\cobra docguard client;C:\Users\1812280003\AppData\Local\BypassRuntm
USERNAME=1812280003
OS=Windows_NT
PROCESSOR_IDENTIFIER=Intel64 Family 6 Model 142 Stepping 10, GenuineIntel



---------------  S Y S T E M  ---------------

OS: Windows 10.0 , 64 bit Build 17134 (10.0.17134.706)

CPU:total 8 (initial active 8) (4 cores per cpu, 2 threads per core) family 6 model 142 stepping 10, cmov, cx8, fxsr, mmx, sse, sse2, sse3, ssse3, sse4.1, sse4.2, popcnt, avx, avx2, aes, clmul, erms, 3dnowpref, lzcnt, ht, tsc, tscinvbit, bmi1, bmi2, adx

Memory: 4k page, physical 16669312k(5430592k free), swap 18766464k(5244k free)

vm_info: Java HotSpot(TM) 64-Bit Server VM (25.231-b11) for windows-amd64 JRE (1.8.0_231-b11), built on Oct  5 2019 03:11:30 by "java_re" with MS VC++ 10.0 (VS2010)

time: Fri Nov 08 16:14:01 2019
timezone: 中国标准时间
elapsed time: 0 seconds (0d 0h 0m 0s)

