#
# There is insufficient memory for the Java Runtime Environment to continue.
# Native memory allocation (malloc) failed to allocate 1048576 bytes for AllocateHeap
# Possible reasons:
#   The system is out of physical RAM or swap space
#   The process is running with CompressedOops enabled, and the Java Heap may be blocking the growth of the native heap
# Possible solutions:
#   Reduce memory load on the system
#   Increase physical memory or swap space
#   Check if swap backing store is full
#   Decrease Java heap size (-Xmx/-Xms)
#   Decrease number of Java threads
#   Decrease Java thread stack sizes (-Xss)
#   Set larger code cache with -XX:ReservedCodeCacheSize=
#   JVM is running with Zero Based Compressed Oops mode in which the Java heap is
#     placed in the first 32GB address space. The Java Heap base address is the
#     maximum limit for the native heap growth. Please use -XX:HeapBaseMinAddress
#     to set the Java Heap base and to place the Java Heap above 32GB virtual address.
# This output file may be truncated or incomplete.
#
#  Out of Memory Error (memory/allocation.inline.hpp:61), pid=218812, tid=0x000000000000d038
#
# JRE version:  (8.0_231-b11) (build )
# Java VM: Java HotSpot(TM) 64-Bit Server VM (25.231-b11 mixed mode windows-amd64 compressed oops)
# Failed to write core dump. Minidumps are not enabled by default on client versions of Windows
#

---------------  T H R E A D  ---------------

Current thread (0x0000000002b86800):  JavaThread "Unknown thread" [_thread_in_vm, id=53304, stack(0x0000000002880000,0x0000000002980000)]

Stack: [0x0000000002880000,0x0000000002980000]
[error occurred during error reporting (printing stack bounds), id 0xc0000005]

Native frames: (J=compiled Java code, j=interpreted, Vv=VM code, C=native code)


---------------  P R O C E S S  ---------------

Java Threads: ( => current thread )

Other Threads:

=>0x0000000002b86800 (exited) JavaThread "Unknown thread" [_thread_in_vm, id=53304, stack(0x0000000002880000,0x0000000002980000)]

VM state:not at safepoint (normal execution)

VM Mutex/Monitor currently owned by a thread: None

heap address: 0x00000006c1a00000, size: 4070 MB, Compressed Oops mode: Zero based, Oop shift amount: 3
Narrow klass base: 0x0000000000000000, Narrow klass shift: 3
Compressed class space size: 1073741824 Address: 0x00000007c0000000

Heap:
 PSYoungGen      total 76288K, used 1310K [0x000000076b380000, 0x0000000770880000, 0x00000007c0000000)
  eden space 65536K, 2% used [0x000000076b380000,0x000000076b4c7af0,0x000000076f380000)
  from space 10752K, 0% used [0x000000076fe00000,0x000000076fe00000,0x0000000770880000)
  to   space 10752K, 0% used [0x000000076f380000,0x000000076f380000,0x000000076fe00000)
 ParOldGen       total 175104K, used 0K [0x00000006c1a00000, 0x00000006cc500000, 0x000000076b380000)
  object space 175104K, 0% used [0x00000006c1a00000,0x00000006c1a00000,0x00000006cc500000)
 Metaspace       used 787K, capacity 4480K, committed 4480K, reserved 1056768K
  class space    used 76K, capacity 384K, committed 384K, reserved 1048576K

Card table byte_map: [0x0000000012040000,0x0000000012840000] byte_map_base: 0x000000000ea33000

Marking Bits: (ParMarkBitMap*) 0x000000006abf6d90
 Begin Bits: [0x0000000013590000, 0x0000000017528000)
 End Bits:   [0x0000000017528000, 0x000000001b4c0000)

Polling page: 0x00000000008d0000

CodeCache: size=245760Kb used=328Kb max_used=328Kb free=245431Kb
 bounds [0x0000000002c80000, 0x0000000002ef0000, 0x0000000011c80000]
 total_blobs=58 nmethods=0 adapters=38
 compilation: enabled

Compilation events (0 events):
No events

GC Heap History (0 events):
No events

Deoptimization events (0 events):
No events

Classes redefined (0 events):
No events

Internal exceptions (0 events):
No events

Events (10 events):
Event: 0.118 loading class java/lang/Short
Event: 0.118 loading class java/lang/Short done
Event: 0.118 loading class java/lang/Integer
Event: 0.118 loading class java/lang/Integer done
Event: 0.118 loading class java/lang/Long
Event: 0.118 loading class java/lang/Long done
Event: 0.119 loading class java/lang/NullPointerException
Event: 0.119 loading class java/lang/NullPointerException done
Event: 0.119 loading class java/lang/ArithmeticException
Event: 0.119 loading class java/lang/ArithmeticException done


Dynamic libraries:
0x00007ff640160000 - 0x00007ff640197000 	D:\Java\jdk1.8\bin\java.exe
0x00007ff9d0580000 - 0x00007ff9d0761000 	C:\Windows\SYSTEM32\ntdll.dll
0x00007ff9cfe70000 - 0x00007ff9cff21000 	C:\Windows\System32\KERNEL32.DLL
0x00007ff9ccba0000 - 0x00007ff9cce13000 	C:\Windows\System32\KERNELBASE.dll
0x00007ff9cfd50000 - 0x00007ff9cfdf1000 	C:\Windows\System32\ADVAPI32.DLL
0x00007ff9d0480000 - 0x00007ff9d051e000 	C:\Windows\System32\msvcrt.dll
0x00007ff9cfe10000 - 0x00007ff9cfe6b000 	C:\Windows\System32\sechost.dll
0x00007ff9cff30000 - 0x00007ff9d0054000 	C:\Windows\System32\RPCRT4.dll
0x00007ff9cfbc0000 - 0x00007ff9cfd50000 	C:\Windows\System32\USER32.dll
0x00007ff9cc950000 - 0x00007ff9cc970000 	C:\Windows\System32\win32u.dll
0x00007ff9d0520000 - 0x00007ff9d0548000 	C:\Windows\System32\GDI32.dll
0x00007ff9cd810000 - 0x00007ff9cd9a2000 	C:\Windows\System32\gdi32full.dll
0x00007ff9cce20000 - 0x00007ff9ccebf000 	C:\Windows\System32\msvcp_win.dll
0x00007ff9ccaa0000 - 0x00007ff9ccb98000 	C:\Windows\System32\ucrtbase.dll
0x00007ff9c36f0000 - 0x00007ff9c3959000 	C:\Windows\WinSxS\amd64_microsoft.windows.common-controls_6595b64144ccf1df_6.0.17134.706_none_fb43a2cb30647007\COMCTL32.dll
0x00007ff9d0060000 - 0x00007ff9d0382000 	C:\Windows\System32\combase.dll
0x00007ff9cc970000 - 0x00007ff9cc9ea000 	C:\Windows\System32\bcryptPrimitives.dll
0x00007ff9cda70000 - 0x00007ff9cda9d000 	C:\Windows\System32\IMM32.DLL
0x000000006ae00000 - 0x000000006aed2000 	D:\Java\jdk1.8\jre\bin\msvcr100.dll
0x000000006a3d0000 - 0x000000006ac76000 	D:\Java\jdk1.8\jre\bin\server\jvm.dll
0x00007ff9cfe00000 - 0x00007ff9cfe08000 	C:\Windows\System32\PSAPI.DLL
0x00007ff9c5700000 - 0x00007ff9c570a000 	C:\Windows\SYSTEM32\VERSION.dll
0x00007ff9b5ef0000 - 0x00007ff9b5f13000 	C:\Windows\SYSTEM32\WINMM.dll
0x00007ff9c2330000 - 0x00007ff9c2339000 	C:\Windows\SYSTEM32\WSOCK32.dll
0x00007ff9cf960000 - 0x00007ff9cf9cc000 	C:\Windows\System32\WS2_32.dll
0x00007ff9b5ce0000 - 0x00007ff9b5d0a000 	C:\Windows\SYSTEM32\winmmbase.dll
0x00007ff9cd5d0000 - 0x00007ff9cd619000 	C:\Windows\System32\cfgmgr32.dll
0x00007ff9c67a0000 - 0x00007ff9c67af000 	D:\Java\jdk1.8\jre\bin\verify.dll
0x00007ff9b5950000 - 0x00007ff9b5979000 	D:\Java\jdk1.8\jre\bin\java.dll
0x00007ff9aba90000 - 0x00007ff9abac5000 	D:\Java\jdk1.8\jre\bin\jdwp.dll
0x00007ff9b4880000 - 0x00007ff9b4888000 	D:\Java\jdk1.8\jre\bin\npt.dll
0x00007ff9a9b00000 - 0x00007ff9a9b23000 	D:\Java\jdk1.8\jre\bin\instrument.dll
0x00007ff9c6520000 - 0x00007ff9c6536000 	D:\Java\jdk1.8\jre\bin\zip.dll

VM Arguments:
jvm_args: -agentlib:jdwp=transport=dt_socket,address=127.0.0.1:60130,suspend=y,server=n -XX:TieredStopAtLevel=1 -Xverify:none -Dspring.output.ansi.enabled=always -Dcom.sun.management.jmxremote -Dspring.jmx.enabled=true -Dspring.liveBeansView.mbeanDomain -Dspring.application.admin.enabled=true -javaagent:C:\Users\1812280003\.IntelliJIdea2019.2\system\captureAgent\debugger-agent.jar -Dfile.encoding=UTF-8 
java_command: com.hp.daily.DailyApplication
java_class_path (initial): D:\Java\jdk1.8\jre\lib\charsets.jar;D:\Java\jdk1.8\jre\lib\deploy.jar;D:\Java\jdk1.8\jre\lib\ext\access-bridge-64.jar;D:\Java\jdk1.8\jre\lib\ext\cldrdata.jar;D:\Java\jdk1.8\jre\lib\ext\dnsns.jar;D:\Java\jdk1.8\jre\lib\ext\jaccess.jar;D:\Java\jdk1.8\jre\lib\ext\jfxrt.jar;D:\Java\jdk1.8\jre\lib\ext\localedata.jar;D:\Java\jdk1.8\jre\lib\ext\nashorn.jar;D:\Java\jdk1.8\jre\lib\ext\sunec.jar;D:\Java\jdk1.8\jre\lib\ext\sunjce_provider.jar;D:\Java\jdk1.8\jre\lib\ext\sunmscapi.jar;D:\Java\jdk1.8\jre\lib\ext\sunpkcs11.jar;D:\Java\jdk1.8\jre\lib\ext\zipfs.jar;D:\Java\jdk1.8\jre\lib\javaws.jar;D:\Java\jdk1.8\jre\lib\jce.jar;D:\Java\jdk1.8\jre\lib\jfr.jar;D:\Java\jdk1.8\jre\lib\jfxswt.jar;D:\Java\jdk1.8\jre\lib\jsse.jar;D:\Java\jdk1.8\jre\lib\management-agent.jar;D:\Java\jdk1.8\jre\lib\plugin.jar;D:\Java\jdk1.8\jre\lib\resources.jar;D:\Java\jdk1.8\jre\lib\rt.jar;C:\Users\1812280003\IdeaProjects\daily\target\classes;C:\Users\1812280003\.m2\repository\org\springframework\boot\spring-boot-starter-web\2.2.0.RELEASE\spring-boot-starter-web-2.2.0.RELEASE.jar;C:\Users\1812280003\.m2\repository\org\springframework\boot\spring-boot-starter\2.2.0.RELEASE\spring-boot-starter-2.2.0.RELEASE.jar;C:\Users\1812280003\.m2\repository\org\springframework\boot\spring-boot\2.2.0.RELEASE\spring-boot-2.2.0.RELEASE.jar;C:\Users\1812280003\.m2\repository\org\springframework\boot\spring-boot-autoconfigure\2.2.0.RELEASE\spring-boot-autoconfigure-2.2.0.RELEASE.jar;C:\Users\1812280003\.m2\repository\org\springframework\boot\spring-boot-starter-logging\2.2.0.RELEASE\spring-boot-starter-logging-2.2.0.RELEASE.jar;C:\Users\1812280003\.m2\repository\ch\qos\logback\logback-classic\1.2.3\logback-classic-1.2.3.jar;C:\Users\1812280003\.m2\repository\ch\qos\logback\logback-core\1.2.3\logback-core-1.2.3.jar;C:\Users\1812280003\.m2\repository\org\apache\logging\log4j\log4j-to-slf4j\2.12.1\log4j-to-slf4j-2.12.1.jar;C:\Users\1812280003\.m2\repository\org\apache\logging\log4j\log4j-api\2.12.1\
Launcher Type: SUN_STANDARD

Environment Variables:
JAVA_HOME=D:\Java\jdk1.7
CLASSPATH=.;D:\Java\jdk1.7\lib\dt.jar;D:\Java\jdk1.7\lib\tools.jar
PATH=C:\Windows\system32;C:\Windows;C:\Windows\System32\Wbem;C:\Windows\System32\WindowsPowerShell\v1.0\;C:\Windows\System32\OpenSSH\;D:\Java\jdk1.7\bin;D:\Java\jdk1.7\jre\bin;D:\Apache\apache-tomcat-7.0.92\lib;D:\Apache\apache-tomcat-7.0.92\bin;D:\TortoiseSVN\bin;D:\Apache\Maven\apache-maven-3.6.0\bin;D:\PLSQL\instantclient_11_2;C:\Users\1812280003\AppData\Local\Microsoft\WindowsApps;c:\program files\esafenet\cobra docguard client;C:\Users\1812280003\AppData\Local\BypassRuntm
USERNAME=1812280003
OS=Windows_NT
PROCESSOR_IDENTIFIER=Intel64 Family 6 Model 142 Stepping 10, GenuineIntel



---------------  S Y S T E M  ---------------

OS: Windows 10.0 , 64 bit Build 17134 (10.0.17134.706)

CPU:total 8 (initial active 8) (4 cores per cpu, 2 threads per core) family 6 model 142 stepping 10, cmov, cx8, fxsr, mmx, sse, sse2, sse3, ssse3, sse4.1, sse4.2, popcnt, avx, avx2, aes, clmul, erms, 3dnowpref, lzcnt, ht, tsc, tscinvbit, bmi1, bmi2, adx

Memory: 4k page, physical 16669312k(3651064k free), swap 18766464k(5184k free)

vm_info: Java HotSpot(TM) 64-Bit Server VM (25.231-b11) for windows-amd64 JRE (1.8.0_231-b11), built on Oct  5 2019 03:11:30 by "java_re" with MS VC++ 10.0 (VS2010)

time: Tue Nov 12 08:40:10 2019
timezone: 中国标准时间
elapsed time: 0 seconds (0d 0h 0m 0s)

