#
# There is insufficient memory for the Java Runtime Environment to continue.
# Native memory allocation (malloc) failed to allocate 88176 bytes for Chunk::new
# Possible reasons:
#   The system is out of physical RAM or swap space
#   The process is running with CompressedOops enabled, and the Java Heap may be blocking the growth of the native heap
# Possible solutions:
#   Reduce memory load on the system
#   Increase physical memory or swap space
#   Check if swap backing store is full
#   Decrease Java heap size (-Xmx/-Xms)
#   Decrease number of Java threads
#   Decrease Java thread stack sizes (-Xss)
#   Set larger code cache with -XX:ReservedCodeCacheSize=
#   JVM is running with Zero Based Compressed Oops mode in which the Java heap is
#     placed in the first 32GB address space. The Java Heap base address is the
#     maximum limit for the native heap growth. Please use -XX:HeapBaseMinAddress
#     to set the Java Heap base and to place the Java Heap above 32GB virtual address.
# This output file may be truncated or incomplete.
#
#  Out of Memory Error (allocation.cpp:389), pid=292500, tid=0x000000000001eafc
#
# JRE version: Java(TM) SE Runtime Environment (8.0_231-b11) (build 1.8.0_231-b11)
# Java VM: Java HotSpot(TM) 64-Bit Server VM (25.231-b11 mixed mode windows-amd64 compressed oops)
# Failed to write core dump. Minidumps are not enabled by default on client versions of Windows
#

---------------  T H R E A D  ---------------

Current thread (0x000000001e3ac000):  JavaThread "C2 CompilerThread2" daemon [_thread_in_native, id=125692, stack(0x000000001ee70000,0x000000001ef70000)]

Stack: [0x000000001ee70000,0x000000001ef70000]
[error occurred during error reporting (printing stack bounds), id 0xc0000005]

Native frames: (J=compiled Java code, j=interpreted, Vv=VM code, C=native code)


Current CompileTask:
C2:   5814 3992       4       org.codehaus.plexus.classworlds.realm.Entry::matches (282 bytes)


---------------  P R O C E S S  ---------------

Java Threads: ( => current thread )
  0x0000000021c8b000 JavaThread "Thread-5" [_thread_in_native, id=122924, stack(0x0000000025300000,0x0000000025400000)]
  0x00000000207e0000 JavaThread "Thread-4" [_thread_in_native, id=156960, stack(0x0000000025200000,0x0000000025300000)]
  0x0000000022fc5000 JavaThread "Thread-3" [_thread_blocked, id=117652, stack(0x0000000025100000,0x0000000025200000)]
  0x0000000023d71800 JavaThread "ThreadedStreamConsumer" daemon [_thread_blocked, id=300704, stack(0x0000000025000000,0x0000000025100000)]
  0x000000001f92b800 JavaThread "ping-timer-10s" daemon [_thread_blocked, id=9948, stack(0x0000000024f00000,0x0000000025000000)]
  0x000000001f79a000 JavaThread "timeout-check-timer" daemon [_thread_blocked, id=105232, stack(0x0000000024e00000,0x0000000024f00000)]
  0x000000002221c000 JavaThread "resolver-5" daemon [_thread_blocked, id=214032, stack(0x0000000024d00000,0x0000000024e00000)]
  0x0000000020020000 JavaThread "resolver-4" daemon [_thread_blocked, id=275436, stack(0x0000000024c00000,0x0000000024d00000)]
  0x000000001f75b000 JavaThread "resolver-3" daemon [_thread_blocked, id=150524, stack(0x0000000024b00000,0x0000000024c00000)]
  0x000000001fddf800 JavaThread "resolver-2" daemon [_thread_blocked, id=206252, stack(0x0000000024a00000,0x0000000024b00000)]
  0x000000001e48e000 JavaThread "resolver-1" daemon [_thread_blocked, id=8808, stack(0x0000000024900000,0x0000000024a00000)]
  0x000000001e455800 JavaThread "Service Thread" daemon [_thread_blocked, id=145392, stack(0x000000001f070000,0x000000001f170000)]
  0x000000001e3b1000 JavaThread "C1 CompilerThread3" daemon [_thread_blocked, id=257528, stack(0x000000001ef70000,0x000000001f070000)]
=>0x000000001e3ac000 JavaThread "C2 CompilerThread2" daemon [_thread_in_native, id=125692, stack(0x000000001ee70000,0x000000001ef70000)]
  0x000000001e3a6800 JavaThread "C2 CompilerThread1" daemon [_thread_blocked, id=100484, stack(0x000000001ed70000,0x000000001ee70000)]
  0x000000001e3a5000 JavaThread "C2 CompilerThread0" daemon [_thread_blocked, id=113236, stack(0x000000001ec70000,0x000000001ed70000)]
  0x000000001e3a1800 JavaThread "Monitor Ctrl-Break" daemon [_thread_in_native, id=31596, stack(0x000000001eb70000,0x000000001ec70000)]
  0x000000001e327000 JavaThread "Attach Listener" daemon [_thread_blocked, id=288020, stack(0x000000001ea60000,0x000000001eb60000)]
  0x000000001e383000 JavaThread "Signal Dispatcher" daemon [_thread_blocked, id=120388, stack(0x000000001e960000,0x000000001ea60000)]
  0x000000001e310800 JavaThread "Finalizer" daemon [_thread_blocked, id=270776, stack(0x000000001e7f0000,0x000000001e8f0000)]
  0x000000001c50c800 JavaThread "Reference Handler" daemon [_thread_blocked, id=149212, stack(0x000000001e6f0000,0x000000001e7f0000)]
  0x00000000029e2800 JavaThread "main" [_thread_in_native, id=315008, stack(0x00000000027e0000,0x00000000028e0000)]

Other Threads:
  0x000000001c508800 VMThread [stack: 0x000000001e1f0000,0x000000001e2f0000] [id=76340]
  0x000000001e46c000 WatcherThread [stack: 0x000000001f170000,0x000000001f270000] [id=137088]

VM state:not at safepoint (normal execution)

VM Mutex/Monitor currently owned by a thread: None

heap address: 0x00000006c1a00000, size: 4070 MB, Compressed Oops mode: Zero based, Oop shift amount: 3
Narrow klass base: 0x0000000000000000, Narrow klass shift: 3
Compressed class space size: 1073741824 Address: 0x00000007c0000000

Heap:
 PSYoungGen      total 141824K, used 120638K [0x000000076b380000, 0x0000000774880000, 0x00000007c0000000)
  eden space 131072K, 83% used [0x000000076b380000,0x0000000771ed18c8,0x0000000773380000)
  from space 10752K, 99% used [0x0000000773e00000,0x000000077487e030,0x0000000774880000)
  to   space 10752K, 0% used [0x0000000773380000,0x0000000773380000,0x0000000773e00000)
 ParOldGen       total 175104K, used 11503K [0x00000006c1a00000, 0x00000006cc500000, 0x000000076b380000)
  object space 175104K, 6% used [0x00000006c1a00000,0x00000006c253bdd8,0x00000006cc500000)
 Metaspace       used 20058K, capacity 20604K, committed 20864K, reserved 1067008K
  class space    used 2261K, capacity 2396K, committed 2432K, reserved 1048576K

Card table byte_map: [0x0000000011ea0000,0x00000000126a0000] byte_map_base: 0x000000000e893000

Marking Bits: (ParMarkBitMap*) 0x0000000066e96d90
 Begin Bits: [0x00000000133f0000, 0x0000000017388000)
 End Bits:   [0x0000000017388000, 0x000000001b320000)

Polling page: 0x00000000023b0000

CodeCache: size=245760Kb used=11671Kb max_used=13903Kb free=234088Kb
 bounds [0x0000000002ae0000, 0x00000000038a0000, 0x0000000011ae0000]
 total_blobs=3792 nmethods=3382 adapters=322
 compilation: enabled

Compilation events (10 events):
Event: 5.530 Thread 0x000000001e3ac000 nmethod 3988 0x0000000003296390 code [0x00000000032964c0, 0x0000000003296518]
Event: 5.530 Thread 0x000000001e3a6800 3989       4       java.util.concurrent.ConcurrentHashMap::addCount (292 bytes)
Event: 5.532 Thread 0x000000001e3a6800 nmethod 3989 0x00000000031d2d90 code [0x00000000031d2f00, 0x00000000031d3128]
Event: 5.784 Thread 0x000000001e3a5000 3990       4       java.util.jar.Attributes$Name::hashCode (24 bytes)
Event: 5.789 Thread 0x000000001e3a5000 nmethod 3990 0x0000000003075fd0 code [0x0000000003076120, 0x0000000003076418]
Event: 5.790 Thread 0x000000001e3b1000 3991       3       org.apache.maven.surefire.util.internal.StringUtils::unescapeString (130 bytes)
Event: 5.792 Thread 0x000000001e3b1000 nmethod 3991 0x000000000308cf90 code [0x000000000308d260, 0x000000000308e908]
Event: 5.792 Thread 0x000000001e3ac000 3992       4       org.codehaus.plexus.classworlds.realm.Entry::matches (282 bytes)
Event: 5.794 Thread 0x000000001e3b1000 3993       3       java.lang.Enum::<init> (15 bytes)
Event: 5.794 Thread 0x000000001e3b1000 nmethod 3993 0x0000000002f6f9d0 code [0x0000000002f6fb20, 0x0000000002f6fcf0]

GC Heap History (8 events):
Event: 1.058 GC heap before
{Heap before GC invocations=1 (full 0):
 PSYoungGen      total 76288K, used 65536K [0x000000076b380000, 0x0000000770880000, 0x00000007c0000000)
  eden space 65536K, 100% used [0x000000076b380000,0x000000076f380000,0x000000076f380000)
  from space 10752K, 0% used [0x000000076fe00000,0x000000076fe00000,0x0000000770880000)
  to   space 10752K, 0% used [0x000000076f380000,0x000000076f380000,0x000000076fe00000)
 ParOldGen       total 175104K, used 0K [0x00000006c1a00000, 0x00000006cc500000, 0x000000076b380000)
  object space 175104K, 0% used [0x00000006c1a00000,0x00000006c1a00000,0x00000006cc500000)
 Metaspace       used 11226K, capacity 11406K, committed 11776K, reserved 1058816K
  class space    used 1351K, capacity 1415K, committed 1536K, reserved 1048576K
Event: 1.064 GC heap after
Heap after GC invocations=1 (full 0):
 PSYoungGen      total 76288K, used 8822K [0x000000076b380000, 0x0000000770880000, 0x00000007c0000000)
  eden space 65536K, 0% used [0x000000076b380000,0x000000076b380000,0x000000076f380000)
  from space 10752K, 82% used [0x000000076f380000,0x000000076fc1db28,0x000000076fe00000)
  to   space 10752K, 0% used [0x000000076fe00000,0x000000076fe00000,0x0000000770880000)
 ParOldGen       total 175104K, used 16K [0x00000006c1a00000, 0x00000006cc500000, 0x000000076b380000)
  object space 175104K, 0% used [0x00000006c1a00000,0x00000006c1a04000,0x00000006cc500000)
 Metaspace       used 11226K, capacity 11406K, committed 11776K, reserved 1058816K
  class space    used 1351K, capacity 1415K, committed 1536K, reserved 1048576K
}
Event: 1.885 GC heap before
{Heap before GC invocations=2 (full 0):
 PSYoungGen      total 76288K, used 74358K [0x000000076b380000, 0x0000000770880000, 0x00000007c0000000)
  eden space 65536K, 100% used [0x000000076b380000,0x000000076f380000,0x000000076f380000)
  from space 10752K, 82% used [0x000000076f380000,0x000000076fc1db28,0x000000076fe00000)
  to   space 10752K, 0% used [0x000000076fe00000,0x000000076fe00000,0x0000000770880000)
 ParOldGen       total 175104K, used 16K [0x00000006c1a00000, 0x00000006cc500000, 0x000000076b380000)
  object space 175104K, 0% used [0x00000006c1a00000,0x00000006c1a04000,0x00000006cc500000)
 Metaspace       used 15744K, capacity 16040K, committed 16384K, reserved 1062912K
  class space    used 1888K, capacity 1979K, committed 2048K, reserved 1048576K
Event: 1.895 GC heap after
Heap after GC invocations=2 (full 0):
 PSYoungGen      total 76288K, used 10751K [0x000000076b380000, 0x0000000770880000, 0x00000007c0000000)
  eden space 65536K, 0% used [0x000000076b380000,0x000000076b380000,0x000000076f380000)
  from space 10752K, 99% used [0x000000076fe00000,0x000000077087fe38,0x0000000770880000)
  to   space 10752K, 0% used [0x000000076f380000,0x000000076f380000,0x000000076fe00000)
 ParOldGen       total 175104K, used 2163K [0x00000006c1a00000, 0x00000006cc500000, 0x000000076b380000)
  object space 175104K, 1% used [0x00000006c1a00000,0x00000006c1c1ce90,0x00000006cc500000)
 Metaspace       used 15744K, capacity 16040K, committed 16384K, reserved 1062912K
  class space    used 1888K, capacity 1979K, committed 2048K, reserved 1048576K
}
Event: 2.500 GC heap before
{Heap before GC invocations=3 (full 0):
 PSYoungGen      total 76288K, used 76287K [0x000000076b380000, 0x0000000770880000, 0x00000007c0000000)
  eden space 65536K, 100% used [0x000000076b380000,0x000000076f380000,0x000000076f380000)
  from space 10752K, 99% used [0x000000076fe00000,0x000000077087fe38,0x0000000770880000)
  to   space 10752K, 0% used [0x000000076f380000,0x000000076f380000,0x000000076fe00000)
 ParOldGen       total 175104K, used 2163K [0x00000006c1a00000, 0x00000006cc500000, 0x000000076b380000)
  object space 175104K, 1% used [0x00000006c1a00000,0x00000006c1c1ce90,0x00000006cc500000)
 Metaspace       used 16299K, capacity 16632K, committed 16896K, reserved 1064960K
  class space    used 1924K, capacity 2019K, committed 2048K, reserved 1048576K
Event: 2.514 GC heap after
Heap after GC invocations=3 (full 0):
 PSYoungGen      total 76288K, used 10728K [0x000000076b380000, 0x0000000774880000, 0x00000007c0000000)
  eden space 65536K, 0% used [0x000000076b380000,0x000000076b380000,0x000000076f380000)
  from space 10752K, 99% used [0x000000076f380000,0x000000076fdfa060,0x000000076fe00000)
  to   space 10752K, 0% used [0x0000000773e00000,0x0000000773e00000,0x0000000774880000)
 ParOldGen       total 175104K, used 6928K [0x00000006c1a00000, 0x00000006cc500000, 0x000000076b380000)
  object space 175104K, 3% used [0x00000006c1a00000,0x00000006c20c4168,0x00000006cc500000)
 Metaspace       used 16299K, capacity 16632K, committed 16896K, reserved 1064960K
  class space    used 1924K, capacity 2019K, committed 2048K, reserved 1048576K
}
Event: 3.415 GC heap before
{Heap before GC invocations=4 (full 0):
 PSYoungGen      total 76288K, used 76264K [0x000000076b380000, 0x0000000774880000, 0x00000007c0000000)
  eden space 65536K, 100% used [0x000000076b380000,0x000000076f380000,0x000000076f380000)
  from space 10752K, 99% used [0x000000076f380000,0x000000076fdfa060,0x000000076fe00000)
  to   space 10752K, 0% used [0x0000000773e00000,0x0000000773e00000,0x0000000774880000)
 ParOldGen       total 175104K, used 6928K [0x00000006c1a00000, 0x00000006cc500000, 0x000000076b380000)
  object space 175104K, 3% used [0x00000006c1a00000,0x00000006c20c4168,0x00000006cc500000)
 Metaspace       used 16749K, capacity 17198K, committed 17536K, reserved 1064960K
  class space    used 1943K, capacity 2054K, committed 2176K, reserved 1048576K
Event: 3.426 GC heap after
Heap after GC invocations=4 (full 0):
 PSYoungGen      total 141824K, used 10744K [0x000000076b380000, 0x0000000774880000, 0x00000007c0000000)
  eden space 131072K, 0% used [0x000000076b380000,0x000000076b380000,0x0000000773380000)
  from space 10752K, 99% used [0x0000000773e00000,0x000000077487e030,0x0000000774880000)
  to   space 10752K, 0% used [0x0000000773380000,0x0000000773380000,0x0000000773e00000)
 ParOldGen       total 175104K, used 11503K [0x00000006c1a00000, 0x00000006cc500000, 0x000000076b380000)
  object space 175104K, 6% used [0x00000006c1a00000,0x00000006c253bdd8,0x00000006cc500000)
 Metaspace       used 16749K, capacity 17198K, committed 17536K, reserved 1064960K
  class space    used 1943K, capacity 2054K, committed 2176K, reserved 1048576K
}

Deoptimization events (10 events):
Event: 4.967 Thread 0x00000000029e2800 Uncommon trap: reason=class_check action=maybe_recompile pc=0x000000000333cf88 method=java.util.Collections$UnmodifiableMap$UnmodifiableEntrySet$UnmodifiableEntry.getValue()Ljava/lang/Object; @ 4
Event: 4.967 Thread 0x00000000029e2800 Uncommon trap: reason=class_check action=maybe_recompile pc=0x0000000003338850 method=java.util.Collections$UnmodifiableMap$UnmodifiableEntrySet$1.hasNext()Z @ 4
Event: 4.967 Thread 0x00000000029e2800 Uncommon trap: reason=class_check action=maybe_recompile pc=0x0000000003360958 method=java.util.Collections$UnmodifiableMap$UnmodifiableEntrySet$1.next()Ljava/util/Map$Entry; @ 8
Event: 4.967 Thread 0x00000000029e2800 Uncommon trap: reason=class_check action=maybe_recompile pc=0x000000000333cd08 method=java.util.Collections$UnmodifiableMap$UnmodifiableEntrySet$UnmodifiableEntry.getKey()Ljava/lang/Object; @ 4
Event: 4.967 Thread 0x00000000029e2800 Uncommon trap: reason=class_check action=maybe_recompile pc=0x000000000333cf88 method=java.util.Collections$UnmodifiableMap$UnmodifiableEntrySet$UnmodifiableEntry.getValue()Ljava/lang/Object; @ 4
Event: 4.967 Thread 0x00000000029e2800 Uncommon trap: reason=class_check action=maybe_recompile pc=0x0000000003338850 method=java.util.Collections$UnmodifiableMap$UnmodifiableEntrySet$1.hasNext()Z @ 4
Event: 4.967 Thread 0x00000000029e2800 Uncommon trap: reason=class_check action=maybe_recompile pc=0x0000000003360958 method=java.util.Collections$UnmodifiableMap$UnmodifiableEntrySet$1.next()Ljava/util/Map$Entry; @ 8
Event: 4.967 Thread 0x00000000029e2800 Uncommon trap: reason=class_check action=maybe_recompile pc=0x000000000333cd08 method=java.util.Collections$UnmodifiableMap$UnmodifiableEntrySet$UnmodifiableEntry.getKey()Ljava/lang/Object; @ 4
Event: 4.967 Thread 0x00000000029e2800 Uncommon trap: reason=class_check action=maybe_recompile pc=0x000000000333cf88 method=java.util.Collections$UnmodifiableMap$UnmodifiableEntrySet$UnmodifiableEntry.getValue()Ljava/lang/Object; @ 4
Event: 5.526 Thread 0x00000000207e0000 Uncommon trap: reason=unstable_if action=reinterpret pc=0x000000000385dd0c method=java.io.BufferedReader.readLine(Z)Ljava/lang/String; @ 265

Classes redefined (0 events):
No events

Internal exceptions (10 events):
Event: 1.492 Thread 0x00000000029e2800 Implicit null exception at 0x0000000002cf84d6 to 0x0000000002cf8881
Event: 1.492 Thread 0x00000000029e2800 Implicit null exception at 0x0000000002cbc0d4 to 0x0000000002cbc4a5
Event: 1.715 Thread 0x00000000029e2800 Implicit null exception at 0x000000000314be6f to 0x000000000314d191
Event: 2.029 Thread 0x00000000029e2800 Implicit null exception at 0x0000000003291383 to 0x00000000032915cd
Event: 2.124 Thread 0x00000000029e2800 Implicit null exception at 0x0000000002ec0ad5 to 0x0000000002ec0cd5
Event: 2.125 Thread 0x00000000029e2800 Implicit null exception at 0x0000000002e586af to 0x0000000002e58719
Event: 2.199 Thread 0x00000000029e2800 Implicit null exception at 0x000000000321e60f to 0x000000000321eb2d
Event: 2.278 Thread 0x00000000029e2800 Implicit null exception at 0x0000000003392c14 to 0x0000000003393d61
Event: 3.659 Thread 0x00000000029e2800 Implicit null exception at 0x000000000336b58f to 0x000000000336b9e5
Event: 4.642 Thread 0x00000000029e2800 Exception <a 'java/lang/NoSuchMethodError': org.apache.maven.execution.MavenExecutionRequest.getFailureBehavior()Ljava/lang/String;> (0x000000076f45c450) thrown at [C:\re\workspace\8-2-build-windows-amd64-cygwin\jdk8u231\13620\hotspot\src\share\vm\interpr

Events (10 events):
Event: 5.793 loading class org/apache/maven/surefire/shade/org/apache/maven/shared/utils/logging/Style
Event: 5.793 loading class org/apache/maven/surefire/shade/org/apache/maven/shared/utils/logging/Style done
Event: 5.793 loading class org/apache/maven/surefire/shade/org/apache/maven/shared/utils/logging/Style
Event: 5.793 loading class org/apache/maven/surefire/shade/org/apache/maven/shared/utils/logging/Style done
Event: 5.794 loading class org/fusesource/jansi/Ansi$Color
Event: 5.794 loading class org/fusesource/jansi/Ansi$Color done
Event: 5.794 loading class org/fusesource/jansi/Ansi$Color
Event: 5.794 loading class org/fusesource/jansi/Ansi$Color done
Event: 5.794 loading class org/fusesource/jansi/Ansi$Color
Event: 5.794 loading class org/fusesource/jansi/Ansi$Color done


Dynamic libraries:
0x00007ff694640000 - 0x00007ff694677000 	D:\Java\jdk1.8\bin\java.exe
0x00007ffe9abc0000 - 0x00007ffe9ada1000 	C:\Windows\SYSTEM32\ntdll.dll
0x00007ffe982b0000 - 0x00007ffe98361000 	C:\Windows\System32\KERNEL32.DLL
0x00007ffe97890000 - 0x00007ffe97b03000 	C:\Windows\System32\KERNELBASE.dll
0x00007ffe980e0000 - 0x00007ffe98181000 	C:\Windows\System32\ADVAPI32.DLL
0x00007ffe99ef0000 - 0x00007ffe99f8e000 	C:\Windows\System32\msvcrt.dll
0x00007ffe9a860000 - 0x00007ffe9a8bb000 	C:\Windows\System32\sechost.dll
0x00007ffe9a0c0000 - 0x00007ffe9a1e4000 	C:\Windows\System32\RPCRT4.dll
0x00007ffe9a6d0000 - 0x00007ffe9a860000 	C:\Windows\System32\USER32.dll
0x00007ffe97b10000 - 0x00007ffe97b30000 	C:\Windows\System32\win32u.dll
0x00007ffe9a640000 - 0x00007ffe9a668000 	C:\Windows\System32\GDI32.dll
0x00007ffe976a0000 - 0x00007ffe97832000 	C:\Windows\System32\gdi32full.dll
0x00007ffe97f50000 - 0x00007ffe97fef000 	C:\Windows\System32\msvcp_win.dll
0x00007ffe97c60000 - 0x00007ffe97d58000 	C:\Windows\System32\ucrtbase.dll
0x00007ffe88080000 - 0x00007ffe882e9000 	C:\Windows\WinSxS\amd64_microsoft.windows.common-controls_6595b64144ccf1df_6.0.17134.706_none_fb43a2cb30647007\COMCTL32.dll
0x00007ffe984a0000 - 0x00007ffe987c2000 	C:\Windows\System32\combase.dll
0x00007ffe97be0000 - 0x00007ffe97c5a000 	C:\Windows\System32\bcryptPrimitives.dll
0x00007ffe98370000 - 0x00007ffe9839d000 	C:\Windows\System32\IMM32.DLL
0x0000000068760000 - 0x0000000068832000 	D:\Java\jdk1.8\jre\bin\msvcr100.dll
0x0000000066670000 - 0x0000000066f16000 	D:\Java\jdk1.8\jre\bin\server\jvm.dll
0x00007ffe98050000 - 0x00007ffe98058000 	C:\Windows\System32\PSAPI.DLL
0x00007ffe8ee00000 - 0x00007ffe8ee0a000 	C:\Windows\SYSTEM32\VERSION.dll
0x00007ffe951b0000 - 0x00007ffe951d3000 	C:\Windows\SYSTEM32\WINMM.dll
0x00007ffe84380000 - 0x00007ffe84389000 	C:\Windows\SYSTEM32\WSOCK32.dll
0x00007ffe9aa60000 - 0x00007ffe9aacc000 	C:\Windows\System32\WS2_32.dll
0x00007ffe95180000 - 0x00007ffe951aa000 	C:\Windows\SYSTEM32\WINMMBASE.dll
0x00007ffe97840000 - 0x00007ffe97889000 	C:\Windows\System32\cfgmgr32.dll
0x00007ffe91e80000 - 0x00007ffe91e8f000 	D:\Java\jdk1.8\jre\bin\verify.dll
0x00007ffe86310000 - 0x00007ffe86339000 	D:\Java\jdk1.8\jre\bin\java.dll
0x00007ffe85e60000 - 0x00007ffe85e83000 	D:\Java\jdk1.8\jre\bin\instrument.dll
0x00007ffe86210000 - 0x00007ffe86226000 	D:\Java\jdk1.8\jre\bin\zip.dll
0x00007ffe98ab0000 - 0x00007ffe99ef0000 	C:\Windows\System32\SHELL32.dll
0x00007ffe9aae0000 - 0x00007ffe9ab89000 	C:\Windows\System32\shcore.dll
0x00007ffe96f90000 - 0x00007ffe9769d000 	C:\Windows\System32\windows.storage.dll
0x00007ffe99f90000 - 0x00007ffe99fe1000 	C:\Windows\System32\shlwapi.dll
0x00007ffe96f40000 - 0x00007ffe96f51000 	C:\Windows\System32\kernel.appcore.dll
0x00007ffe96f60000 - 0x00007ffe96f7f000 	C:\Windows\System32\profapi.dll
0x00007ffe96ed0000 - 0x00007ffe96f1c000 	C:\Windows\System32\powrprof.dll
0x00007ffe96f80000 - 0x00007ffe96f8a000 	C:\Windows\System32\FLTLIB.DLL
0x00007ffe86110000 - 0x00007ffe8612a000 	D:\idea\IntelliJ IDEA 2019.2.3\bin\breakgen64.dll
0x00007ffe861f0000 - 0x00007ffe8620a000 	D:\Java\jdk1.8\jre\bin\net.dll
0x00007ffe966d0000 - 0x00007ffe96736000 	C:\Windows\system32\mswsock.dll
0x00007ffe96880000 - 0x00007ffe96897000 	C:\Windows\SYSTEM32\CRYPTSP.dll
0x00007ffe962b0000 - 0x00007ffe962e3000 	C:\Windows\system32\rsaenh.dll
0x00007ffe969b0000 - 0x00007ffe969d5000 	C:\Windows\SYSTEM32\bcrypt.dll
0x00007ffe96e00000 - 0x00007ffe96e28000 	C:\Windows\SYSTEM32\USERENV.dll
0x00007ffe968a0000 - 0x00007ffe968ab000 	C:\Windows\SYSTEM32\CRYPTBASE.dll
0x00007ffe96450000 - 0x00007ffe96488000 	C:\Windows\SYSTEM32\IPHLPAPI.DLL
0x00007ffe98190000 - 0x00007ffe98198000 	C:\Windows\System32\NSI.dll
0x00007ffe92da0000 - 0x00007ffe92db6000 	C:\Windows\SYSTEM32\dhcpcsvc6.DLL
0x00007ffe92d80000 - 0x00007ffe92d9a000 	C:\Windows\SYSTEM32\dhcpcsvc.DLL
0x00007ffe861a0000 - 0x00007ffe861b2000 	D:\Java\jdk1.8\jre\bin\nio.dll
0x00007ffe95260000 - 0x00007ffe9526a000 	C:\Users\1812280003\AppData\Local\Temp\jansi-1.17.1-4597992402671030950.dll
0x00007ffe87990000 - 0x00007ffe8799a000 	C:\Users\1812280003\AppData\Local\Temp\jansi-1.17.1-747702412624270005.dll
0x00007ffe8f240000 - 0x00007ffe8f24d000 	D:\Java\jdk1.8\jre\bin\management.dll
0x00007ffe8fca0000 - 0x00007ffe8fcb6000 	C:\Windows\system32\napinsp.dll
0x00007ffe8fc80000 - 0x00007ffe8fc9a000 	C:\Windows\system32\pnrpnsp.dll
0x00007ffe948f0000 - 0x00007ffe94909000 	C:\Windows\system32\NLAapi.dll
0x00007ffe96490000 - 0x00007ffe9654e000 	C:\Windows\SYSTEM32\DNSAPI.dll
0x00007ffe8fc10000 - 0x00007ffe8fc1e000 	C:\Windows\System32\winrnr.dll
0x00007ffe8fcc0000 - 0x00007ffe8fcd5000 	C:\Windows\System32\wshbth.dll
0x00007ffe901f0000 - 0x00007ffe901fa000 	C:\Windows\SYSTEM32\rasadhlp.dll
0x00007ffe93520000 - 0x00007ffe93592000 	C:\Windows\System32\fwpuclnt.dll

VM Arguments:
jvm_args: -Dmaven.multiModuleProjectDirectory=C:\Users\1812280003\IdeaProjects\daily -Dmaven.home=D:\Apache\Maven\apache-maven-3.6.0 -Dclassworlds.conf=D:\Apache\Maven\apache-maven-3.6.0\bin\m2.conf -Dmaven.ext.class.path=D:\idea\IntelliJ IDEA 2019.2.3\plugins\maven\lib\maven-event-listener.jar -javaagent:D:\idea\IntelliJ IDEA 2019.2.3\lib\idea_rt.jar=55086:D:\idea\IntelliJ IDEA 2019.2.3\bin -Dfile.encoding=UTF-8 
java_command: org.codehaus.classworlds.Launcher -Didea.version2019.2.3 package
java_class_path (initial): D:\Apache\Maven\apache-maven-3.6.0\boot\plexus-classworlds-2.5.2.jar;D:\idea\IntelliJ IDEA 2019.2.3\lib\idea_rt.jar
Launcher Type: SUN_STANDARD

Environment Variables:
JAVA_HOME=D:\Java\jdk1.7
CLASSPATH=.;D:\Java\jdk1.7\lib\dt.jar;D:\Java\jdk1.7\lib\tools.jar
PATH=C:\Windows\system32;C:\Windows;C:\Windows\System32\Wbem;C:\Windows\System32\WindowsPowerShell\v1.0\;C:\Windows\System32\OpenSSH\;D:\Java\jdk1.7\bin;D:\Java\jdk1.7\jre\bin;D:\Apache\apache-tomcat-7.0.92\lib;D:\Apache\apache-tomcat-7.0.92\bin;D:\TortoiseSVN\bin;D:\Apache\Maven\apache-maven-3.6.0\bin;D:\PLSQL\instantclient_11_2;C:\Users\1812280003\AppData\Local\Microsoft\WindowsApps;c:\program files\esafenet\cobra docguard client;C:\Users\1812280003\AppData\Local\BypassRuntm
USERNAME=1812280003
OS=Windows_NT
PROCESSOR_IDENTIFIER=Intel64 Family 6 Model 142 Stepping 10, GenuineIntel



---------------  S Y S T E M  ---------------

OS: Windows 10.0 , 64 bit Build 17134 (10.0.17134.706)

CPU:total 8 (initial active 8) (4 cores per cpu, 2 threads per core) family 6 model 142 stepping 10, cmov, cx8, fxsr, mmx, sse, sse2, sse3, ssse3, sse4.1, sse4.2, popcnt, avx, avx2, aes, clmul, erms, 3dnowpref, lzcnt, ht, tsc, tscinvbit, bmi1, bmi2, adx

Memory: 4k page, physical 16669312k(6456288k free), swap 18766464k(5088k free)

vm_info: Java HotSpot(TM) 64-Bit Server VM (25.231-b11) for windows-amd64 JRE (1.8.0_231-b11), built on Oct  5 2019 03:11:30 by "java_re" with MS VC++ 10.0 (VS2010)

time: Thu Nov 07 18:23:32 2019
timezone: 中国标准时间
elapsed time: 5 seconds (0d 0h 0m 5s)

